2025-05-17 14:52:16,740 - __main__ - INFO - 🚀 Démarrage du script de lancement, logs dans logs/bot_fixed_20250517_145216.log
2025-05-17 14:52:16,740 - __main__ - INFO - 🧹 Nettoyage de l'environnement...
2025-05-17 14:52:16,886 - __main__ - INFO - 🔴 Processus bot arrêtés: 
2025-05-17 14:52:17,887 - __main__ - INFO - 🚀 Lancement du bot...
2025-05-17 14:52:17,890 - __main__ - INFO - ✅ Bot démarré avec succès (PID: 30994)
🔪 KILL: Arrêt forcé de tous les processus Python liés au bot...
🔍 PID actuel (à ignorer): 31002
⏩ Ignoré: PID 30994 (processus actuel ou parent)
✅ Aucun processus en cours d'exécution.
2025-05-17 14:52:18,872 - httpx - DEBUG - load_ssl_context verify=True cert=None trust_env=True http2=False
2025-05-17 14:52:18,872 - httpx - DEBUG - load_verify_locations cafile='/Users/margaux/CovoiturageSuisse/venv/lib/python3.11/site-packages/certifi/cacert.pem'
2025-05-17 14:52:18,882 - httpx - DEBUG - load_ssl_context verify=True cert=None trust_env=True http2=False
2025-05-17 14:52:18,883 - httpx - DEBUG - load_verify_locations cafile='/Users/margaux/CovoiturageSuisse/venv/lib/python3.11/site-packages/certifi/cacert.pem'
2025-05-17 14:52:18,893 - handlers.help_handlers - INFO - Enregistrement des handlers d'aide
2025-05-17 14:52:18,893 - __main__ - INFO - ✅ Activation des nouveaux handlers de création de trajet
2025-05-17 14:52:18,893 - handlers.create_trip_handler - INFO - 🔄 Enregistrement des handlers de création de trajet...
2025-05-17 14:52:18,893 - handlers.create_trip_handler - INFO - ✅ ConversationHandler pour création de trajet enregistré avec succès
2025-05-17 14:52:18,893 - handlers.create_trip_handler - INFO - ✅ Handler pour publication de trajet enregistré avec succès
2025-05-17 14:52:18,893 - handlers.create_trip_handler - INFO - États disponibles dans ConversationHandler: [0, 1, 2, 3, 8, 9, 10, 11, 5, 6, 7]
2025-05-17 14:52:18,893 - handlers.create_trip_handler - INFO - ✅ Tous les handlers de création de trajet enregistrés avec succès.
2025-05-17 14:52:18,893 - handlers.menu_handlers - INFO - Enregistrement des handlers de menu
2025-05-17 14:52:18,894 - handlers.search_trip_handler - INFO - Handlers de recherche de trajet enregistrés.
2025-05-17 14:52:18,894 - __main__ - INFO - Démarrage du bot...
2025-05-17 14:52:18,894 - asyncio - DEBUG - Using selector: KqueueSelector
2025-05-17 14:52:18,895 - telegram.ext.ExtBot - DEBUG - Entering: get_me
2025-05-17 14:52:18,899 - httpcore.connection - DEBUG - connect_tcp.started host='api.telegram.org' port=443 local_address=None timeout=5.0 socket_options=None
2025-05-17 14:52:18,945 - httpcore.connection - DEBUG - connect_tcp.complete return_value=<httpcore._backends.anyio.AnyIOStream object at 0x10af8dcd0>
2025-05-17 14:52:18,945 - httpcore.connection - DEBUG - start_tls.started ssl_context=<ssl.SSLContext object at 0x10af2c290> server_hostname='api.telegram.org' timeout=5.0
2025-05-17 14:52:18,970 - httpcore.connection - DEBUG - start_tls.complete return_value=<httpcore._backends.anyio.AnyIOStream object at 0x10af30390>
2025-05-17 14:52:18,970 - httpcore.http11 - DEBUG - send_request_headers.started request=<Request [b'POST']>
2025-05-17 14:52:18,970 - httpcore.http11 - DEBUG - send_request_headers.complete
2025-05-17 14:52:18,970 - httpcore.http11 - DEBUG - send_request_body.started request=<Request [b'POST']>
2025-05-17 14:52:18,971 - httpcore.http11 - DEBUG - send_request_body.complete
2025-05-17 14:52:18,971 - httpcore.http11 - DEBUG - receive_response_headers.started request=<Request [b'POST']>
2025-05-17 14:52:18,993 - httpcore.http11 - DEBUG - receive_response_headers.complete return_value=(b'HTTP/1.1', 200, b'OK', [(b'Server', b'nginx/1.18.0'), (b'Date', b'Sat, 17 May 2025 12:52:19 GMT'), (b'Content-Type', b'application/json'), (b'Content-Length', b'267'), (b'Connection', b'keep-alive'), (b'Strict-Transport-Security', b'max-age=31536000; includeSubDomains; preload'), (b'Access-Control-Allow-Origin', b'*'), (b'Access-Control-Allow-Methods', b'GET, POST, OPTIONS'), (b'Access-Control-Expose-Headers', b'Content-Length,Content-Type,Date,Server,Connection')])
2025-05-17 14:52:18,994 - httpx - INFO - HTTP Request: POST https://api.telegram.org/bot8098409872:AAE4b_x-mQ6MBS_oXoyiMWJtWDPhdHWgf3M/getMe "HTTP/1.1 200 OK"
2025-05-17 14:52:18,994 - httpcore.http11 - DEBUG - receive_response_body.started request=<Request [b'POST']>
2025-05-17 14:52:18,994 - httpcore.http11 - DEBUG - receive_response_body.complete
2025-05-17 14:52:18,994 - httpcore.http11 - DEBUG - response_closed.started
2025-05-17 14:52:18,994 - httpcore.http11 - DEBUG - response_closed.complete
2025-05-17 14:52:18,995 - telegram.ext.ExtBot - DEBUG - User(api_kwargs={'can_connect_to_business': False, 'has_main_web_app': False}, can_join_groups=True, can_read_all_group_messages=False, first_name='CovoiturageSuisse', id=8098409872, is_bot=True, supports_inline_queries=False, username='CovoiturageSuissebot')
2025-05-17 14:52:18,995 - telegram.ext.ExtBot - DEBUG - Exiting: get_me
2025-05-17 14:52:18,995 - telegram.ext.ExtBot - DEBUG - This Bot is already initialized.
2025-05-17 14:52:18,995 - telegram.ext.Updater - DEBUG - Updater started (polling)
2025-05-17 14:52:18,995 - telegram.ext.Updater - DEBUG - Start network loop retry bootstrap del webhook
2025-05-17 14:52:18,995 - telegram.ext.Updater - DEBUG - Deleting webhook
2025-05-17 14:52:18,996 - telegram.ext.Updater - DEBUG - Dropping pending updates from Telegram server
2025-05-17 14:52:18,996 - telegram.ext.ExtBot - DEBUG - Entering: delete_webhook
2025-05-17 14:52:18,996 - httpcore.http11 - DEBUG - send_request_headers.started request=<Request [b'POST']>
2025-05-17 14:52:18,996 - httpcore.http11 - DEBUG - send_request_headers.complete
2025-05-17 14:52:18,997 - httpcore.http11 - DEBUG - send_request_body.started request=<Request [b'POST']>
2025-05-17 14:52:18,997 - httpcore.http11 - DEBUG - send_request_body.complete
2025-05-17 14:52:18,997 - httpcore.http11 - DEBUG - receive_response_headers.started request=<Request [b'POST']>
2025-05-17 14:52:19,019 - httpcore.http11 - DEBUG - receive_response_headers.complete return_value=(b'HTTP/1.1', 200, b'OK', [(b'Server', b'nginx/1.18.0'), (b'Date', b'Sat, 17 May 2025 12:52:19 GMT'), (b'Content-Type', b'application/json'), (b'Content-Length', b'68'), (b'Connection', b'keep-alive'), (b'Strict-Transport-Security', b'max-age=31536000; includeSubDomains; preload'), (b'Access-Control-Allow-Origin', b'*'), (b'Access-Control-Allow-Methods', b'GET, POST, OPTIONS'), (b'Access-Control-Expose-Headers', b'Content-Length,Content-Type,Date,Server,Connection')])
2025-05-17 14:52:19,019 - httpx - INFO - HTTP Request: POST https://api.telegram.org/bot8098409872:AAE4b_x-mQ6MBS_oXoyiMWJtWDPhdHWgf3M/deleteWebhook "HTTP/1.1 200 OK"
2025-05-17 14:52:19,020 - httpcore.http11 - DEBUG - receive_response_body.started request=<Request [b'POST']>
2025-05-17 14:52:19,020 - httpcore.http11 - DEBUG - receive_response_body.complete
2025-05-17 14:52:19,020 - httpcore.http11 - DEBUG - response_closed.started
2025-05-17 14:52:19,020 - httpcore.http11 - DEBUG - response_closed.complete
2025-05-17 14:52:19,020 - telegram.ext.ExtBot - DEBUG - True
2025-05-17 14:52:19,020 - telegram.ext.ExtBot - DEBUG - Exiting: delete_webhook
2025-05-17 14:52:19,020 - telegram.ext.Updater - DEBUG - Bootstrap done
2025-05-17 14:52:19,020 - telegram.ext.Updater - DEBUG - Waiting for polling to start
2025-05-17 14:52:19,020 - telegram.ext.Updater - DEBUG - Polling updates from Telegram started
2025-05-17 14:52:19,021 - telegram.ext.Updater - DEBUG - Start network loop retry getting Updates
2025-05-17 14:52:19,021 - telegram.ext.ExtBot - DEBUG - Entering: get_updates
2025-05-17 14:52:19,021 - httpcore.connection - DEBUG - connect_tcp.started host='api.telegram.org' port=443 local_address=None timeout=5.0 socket_options=None
2025-05-17 14:52:19,021 - telegram.ext.Application - DEBUG - Loop for updating persistence started
2025-05-17 14:52:19,021 - telegram.ext.Application - INFO - Application started
2025-05-17 14:52:19,043 - httpcore.connection - DEBUG - connect_tcp.complete return_value=<httpcore._backends.anyio.AnyIOStream object at 0x10af8da90>
2025-05-17 14:52:19,043 - httpcore.connection - DEBUG - start_tls.started ssl_context=<ssl.SSLContext object at 0x10af2cef0> server_hostname='api.telegram.org' timeout=5.0
2025-05-17 14:52:19,068 - httpcore.connection - DEBUG - start_tls.complete return_value=<httpcore._backends.anyio.AnyIOStream object at 0x10af44f50>
2025-05-17 14:52:19,068 - httpcore.http11 - DEBUG - send_request_headers.started request=<Request [b'POST']>
2025-05-17 14:52:19,068 - httpcore.http11 - DEBUG - send_request_headers.complete
2025-05-17 14:52:19,068 - httpcore.http11 - DEBUG - send_request_body.started request=<Request [b'POST']>
2025-05-17 14:52:19,069 - httpcore.http11 - DEBUG - send_request_body.complete
2025-05-17 14:52:19,069 - httpcore.http11 - DEBUG - receive_response_headers.started request=<Request [b'POST']>
2025-05-17 14:52:29,108 - httpcore.http11 - DEBUG - receive_response_headers.complete return_value=(b'HTTP/1.1', 200, b'OK', [(b'Server', b'nginx/1.18.0'), (b'Date', b'Sat, 17 May 2025 12:52:29 GMT'), (b'Content-Type', b'application/json'), (b'Content-Length', b'23'), (b'Connection', b'keep-alive'), (b'Strict-Transport-Security', b'max-age=31536000; includeSubDomains; preload'), (b'Access-Control-Allow-Origin', b'*'), (b'Access-Control-Allow-Methods', b'GET, POST, OPTIONS'), (b'Access-Control-Expose-Headers', b'Content-Length,Content-Type,Date,Server,Connection')])
2025-05-17 14:52:29,108 - httpx - INFO - HTTP Request: POST https://api.telegram.org/bot8098409872:AAE4b_x-mQ6MBS_oXoyiMWJtWDPhdHWgf3M/getUpdates "HTTP/1.1 200 OK"
2025-05-17 14:52:29,108 - httpcore.http11 - DEBUG - receive_response_body.started request=<Request [b'POST']>
2025-05-17 14:52:29,108 - httpcore.http11 - DEBUG - receive_response_body.complete
2025-05-17 14:52:29,108 - httpcore.http11 - DEBUG - response_closed.started
2025-05-17 14:52:29,108 - httpcore.http11 - DEBUG - response_closed.complete
2025-05-17 14:52:29,108 - telegram.ext.ExtBot - DEBUG - No new updates found.
2025-05-17 14:52:29,108 - telegram.ext.ExtBot - DEBUG - ()
2025-05-17 14:52:29,108 - telegram.ext.ExtBot - DEBUG - Exiting: get_updates
2025-05-17 14:52:29,108 - telegram.ext.ExtBot - DEBUG - Entering: get_updates
2025-05-17 14:52:29,109 - httpcore.http11 - DEBUG - send_request_headers.started request=<Request [b'POST']>
2025-05-17 14:52:29,109 - httpcore.http11 - DEBUG - send_request_headers.complete
2025-05-17 14:52:29,109 - httpcore.http11 - DEBUG - send_request_body.started request=<Request [b'POST']>
2025-05-17 14:52:29,109 - httpcore.http11 - DEBUG - send_request_body.complete
2025-05-17 14:52:29,109 - httpcore.http11 - DEBUG - receive_response_headers.started request=<Request [b'POST']>
2025-05-17 14:52:30,660 - httpcore.http11 - DEBUG - receive_response_headers.complete return_value=(b'HTTP/1.1', 200, b'OK', [(b'Server', b'nginx/1.18.0'), (b'Date', b'Sat, 17 May 2025 12:52:30 GMT'), (b'Content-Type', b'application/json'), (b'Content-Length', b'402'), (b'Connection', b'keep-alive'), (b'Strict-Transport-Security', b'max-age=31536000; includeSubDomains; preload'), (b'Access-Control-Allow-Origin', b'*'), (b'Access-Control-Allow-Methods', b'GET, POST, OPTIONS'), (b'Access-Control-Expose-Headers', b'Content-Length,Content-Type,Date,Server,Connection')])
2025-05-17 14:52:30,660 - httpx - INFO - HTTP Request: POST https://api.telegram.org/bot8098409872:AAE4b_x-mQ6MBS_oXoyiMWJtWDPhdHWgf3M/getUpdates "HTTP/1.1 200 OK"
2025-05-17 14:52:30,660 - httpcore.http11 - DEBUG - receive_response_body.started request=<Request [b'POST']>
2025-05-17 14:52:30,661 - httpcore.http11 - DEBUG - receive_response_body.complete
2025-05-17 14:52:30,661 - httpcore.http11 - DEBUG - response_closed.started
2025-05-17 14:52:30,661 - httpcore.http11 - DEBUG - response_closed.complete
2025-05-17 14:52:30,661 - telegram.ext.ExtBot - DEBUG - Getting updates: [425922705]
2025-05-17 14:52:30,661 - telegram.ext.ExtBot - DEBUG - (Update(message=Message(channel_chat_created=False, chat=Chat(first_name='Nox', id=5932296330, last_name='Hook', type=<ChatType.PRIVATE>, username='Lilith66store'), date=datetime.datetime(2025, 5, 17, 12, 52, 30, tzinfo=<UTC>), delete_chat_photo=False, entities=(MessageEntity(length=6, offset=0, type=<MessageEntityType.BOT_COMMAND>),), from_user=User(first_name='Nox', id=5932296330, is_bot=False, language_code='fr', last_name='Hook', username='Lilith66store'), group_chat_created=False, message_id=1561, supergroup_chat_created=False, text='/start'), update_id=425922705),)
2025-05-17 14:52:30,662 - telegram.ext.ExtBot - DEBUG - Exiting: get_updates
2025-05-17 14:52:30,662 - telegram.ext.ExtBot - DEBUG - Entering: get_updates
2025-05-17 14:52:30,662 - telegram.ext.Application - DEBUG - Processing update Update(message=Message(channel_chat_created=False, chat=Chat(first_name='Nox', id=5932296330, last_name='Hook', type=<ChatType.PRIVATE>, username='Lilith66store'), date=datetime.datetime(2025, 5, 17, 12, 52, 30, tzinfo=<UTC>), delete_chat_photo=False, entities=(MessageEntity(length=6, offset=0, type=<MessageEntityType.BOT_COMMAND>),), from_user=User(first_name='Nox', id=5932296330, is_bot=False, language_code='fr', last_name='Hook', username='Lilith66store'), group_chat_created=False, message_id=1561, supergroup_chat_created=False, text='/start'), update_id=425922705)
/Users/margaux/CovoiturageSuisse/handlers/menu_handlers.py:140: SAWarning: relationship 'Booking.trip' will copy column trips.id to column bookings.trip_id, which conflicts with relationship(s): 'Trip.bookings' (copies trips.id to bookings.trip_id). If this is not the intention, consider if these relationships should be linked with back_populates, or if viewonly=True should be applied to one or more if they are read-only. For the less common case that foreign key constraints are partially overlapping, the orm.foreign() annotation can be used to isolate the columns that should be written towards.   To silence this warning, add the parameter 'overlaps="bookings"' to the 'Booking.trip' relationship. (Background on this warning at: https://sqlalche.me/e/20/qzyx) (This warning originated from the `configure_mappers()` process, which was invoked automatically in response to a user-initiated operation.)
  user = db.query(User).filter(User.telegram_id == user_id).first()
2025-05-17 14:52:30,678 - telegram.ext.ExtBot - DEBUG - Entering: send_message
2025-05-17 14:52:30,678 - httpcore.connection - DEBUG - close.started
2025-05-17 14:52:30,678 - httpcore.connection - DEBUG - close.complete
2025-05-17 14:52:30,678 - httpcore.http11 - DEBUG - send_request_headers.started request=<Request [b'POST']>
2025-05-17 14:52:30,679 - httpcore.connection - DEBUG - connect_tcp.started host='api.telegram.org' port=443 local_address=None timeout=5.0 socket_options=None
2025-05-17 14:52:30,679 - httpcore.http11 - DEBUG - send_request_headers.complete
2025-05-17 14:52:30,679 - httpcore.http11 - DEBUG - send_request_body.started request=<Request [b'POST']>
2025-05-17 14:52:30,679 - httpcore.http11 - DEBUG - send_request_body.complete
2025-05-17 14:52:30,679 - httpcore.http11 - DEBUG - receive_response_headers.started request=<Request [b'POST']>
2025-05-17 14:52:30,699 - httpcore.connection - DEBUG - connect_tcp.complete return_value=<httpcore._backends.anyio.AnyIOStream object at 0x10af46350>
2025-05-17 14:52:30,699 - httpcore.connection - DEBUG - start_tls.started ssl_context=<ssl.SSLContext object at 0x10af2c290> server_hostname='api.telegram.org' timeout=5.0
2025-05-17 14:52:30,720 - httpcore.connection - DEBUG - start_tls.complete return_value=<httpcore._backends.anyio.AnyIOStream object at 0x10af4f610>
2025-05-17 14:52:30,721 - httpcore.http11 - DEBUG - send_request_headers.started request=<Request [b'POST']>
2025-05-17 14:52:30,721 - httpcore.http11 - DEBUG - send_request_headers.complete
2025-05-17 14:52:30,721 - httpcore.http11 - DEBUG - send_request_body.started request=<Request [b'POST']>
2025-05-17 14:52:30,721 - httpcore.http11 - DEBUG - send_request_body.complete
2025-05-17 14:52:30,721 - httpcore.http11 - DEBUG - receive_response_headers.started request=<Request [b'POST']>
2025-05-17 14:52:30,762 - httpcore.http11 - DEBUG - receive_response_headers.complete return_value=(b'HTTP/1.1', 200, b'OK', [(b'Server', b'nginx/1.18.0'), (b'Date', b'Sat, 17 May 2025 12:52:30 GMT'), (b'Content-Type', b'application/json'), (b'Content-Length', b'886'), (b'Connection', b'keep-alive'), (b'Strict-Transport-Security', b'max-age=31536000; includeSubDomains; preload'), (b'Access-Control-Allow-Origin', b'*'), (b'Access-Control-Allow-Methods', b'GET, POST, OPTIONS'), (b'Access-Control-Expose-Headers', b'Content-Length,Content-Type,Date,Server,Connection')])
2025-05-17 14:52:30,762 - httpx - INFO - HTTP Request: POST https://api.telegram.org/bot8098409872:AAE4b_x-mQ6MBS_oXoyiMWJtWDPhdHWgf3M/sendMessage "HTTP/1.1 200 OK"
2025-05-17 14:52:30,763 - httpcore.http11 - DEBUG - receive_response_body.started request=<Request [b'POST']>
2025-05-17 14:52:30,763 - httpcore.http11 - DEBUG - receive_response_body.complete
2025-05-17 14:52:30,763 - httpcore.http11 - DEBUG - response_closed.started
2025-05-17 14:52:30,763 - httpcore.http11 - DEBUG - response_closed.complete
2025-05-17 14:52:30,763 - telegram.ext.ExtBot - DEBUG - Message(channel_chat_created=False, chat=Chat(first_name='Nox', id=5932296330, last_name='Hook', type=<ChatType.PRIVATE>, username='Lilith66store'), date=datetime.datetime(2025, 5, 17, 12, 52, 30, tzinfo=<UTC>), delete_chat_photo=False, from_user=User(first_name='CovoiturageSuisse', id=8098409872, is_bot=True, username='CovoiturageSuissebot'), group_chat_created=False, message_id=1562, reply_markup=InlineKeyboardMarkup(inline_keyboard=((InlineKeyboardButton(callback_data='trip_type:driver', text='🚗 Conducteur'), InlineKeyboardButton(callback_data='trip_type:passenger', text='🧍 Passager')), (InlineKeyboardButton(callback_data='search_trip', text='🔍 Chercher un trajet'), InlineKeyboardButton(callback_data='my_trips', text='📋 Mes trajets')), (InlineKeyboardButton(callback_data='public:driver_trips', text='👀 Voir tous les trajets disponibles'),), (InlineKeyboardButton(callback_data='profile', text='👤 Mon profil'), InlineKeyboardButton(callback_data='help_guide', text='❓ Aide')))), supergroup_chat_created=False, text='👋 Bienvenue sur CovoiturageSuisse!\n\nQue souhaitez-vous faire?')
2025-05-17 14:52:30,763 - telegram.ext.ExtBot - DEBUG - Exiting: send_message
2025-05-17 14:52:32,106 - httpcore.http11 - DEBUG - receive_response_headers.complete return_value=(b'HTTP/1.1', 200, b'OK', [(b'Server', b'nginx/1.18.0'), (b'Date', b'Sat, 17 May 2025 12:52:32 GMT'), (b'Content-Type', b'application/json'), (b'Content-Length', b'1155'), (b'Connection', b'keep-alive'), (b'Strict-Transport-Security', b'max-age=31536000; includeSubDomains; preload'), (b'Access-Control-Allow-Origin', b'*'), (b'Access-Control-Allow-Methods', b'GET, POST, OPTIONS'), (b'Access-Control-Expose-Headers', b'Content-Length,Content-Type,Date,Server,Connection')])
2025-05-17 14:52:32,107 - httpx - INFO - HTTP Request: POST https://api.telegram.org/bot8098409872:AAE4b_x-mQ6MBS_oXoyiMWJtWDPhdHWgf3M/getUpdates "HTTP/1.1 200 OK"
2025-05-17 14:52:32,107 - httpcore.http11 - DEBUG - receive_response_body.started request=<Request [b'POST']>
2025-05-17 14:52:32,107 - httpcore.http11 - DEBUG - receive_response_body.complete
2025-05-17 14:52:32,107 - httpcore.http11 - DEBUG - response_closed.started
2025-05-17 14:52:32,107 - httpcore.http11 - DEBUG - response_closed.complete
2025-05-17 14:52:32,107 - telegram.ext.ExtBot - DEBUG - Getting updates: [425922706]
2025-05-17 14:52:32,108 - telegram.ext.ExtBot - DEBUG - (Update(callback_query=CallbackQuery(chat_instance='-6557449970963189547', data='search_trip', from_user=User(first_name='Nox', id=5932296330, is_bot=False, language_code='fr', last_name='Hook', username='Lilith66store'), id='7032274657349828655', message=Message(channel_chat_created=False, chat=Chat(first_name='Nox', id=5932296330, last_name='Hook', type=<ChatType.PRIVATE>, username='Lilith66store'), date=datetime.datetime(2025, 5, 17, 12, 52, 30, tzinfo=<UTC>), delete_chat_photo=False, from_user=User(first_name='CovoiturageSuisse', id=8098409872, is_bot=True, username='CovoiturageSuissebot'), group_chat_created=False, message_id=1562, reply_markup=InlineKeyboardMarkup(inline_keyboard=((InlineKeyboardButton(callback_data='trip_type:driver', text='🚗 Conducteur'), InlineKeyboardButton(callback_data='trip_type:passenger', text='🧍 Passager')), (InlineKeyboardButton(callback_data='search_trip', text='🔍 Chercher un trajet'), InlineKeyboardButton(callback_data='my_trips', text='📋 Mes trajets')), (InlineKeyboardButton(callback_data='public:driver_trips', text='👀 Voir tous les trajets disponibles'),), (InlineKeyboardButton(callback_data='profile', text='👤 Mon profil'), InlineKeyboardButton(callback_data='help_guide', text='❓ Aide')))), supergroup_chat_created=False, text='👋 Bienvenue sur CovoiturageSuisse!\n\nQue souhaitez-vous faire?')), update_id=425922706),)
2025-05-17 14:52:32,108 - telegram.ext.ExtBot - DEBUG - Exiting: get_updates
2025-05-17 14:52:32,108 - telegram.ext.ExtBot - DEBUG - Entering: get_updates
2025-05-17 14:52:32,109 - telegram.ext.Application - DEBUG - Processing update Update(callback_query=CallbackQuery(chat_instance='-6557449970963189547', data='search_trip', from_user=User(first_name='Nox', id=5932296330, is_bot=False, language_code='fr', last_name='Hook', username='Lilith66store'), id='7032274657349828655', message=Message(channel_chat_created=False, chat=Chat(first_name='Nox', id=5932296330, last_name='Hook', type=<ChatType.PRIVATE>, username='Lilith66store'), date=datetime.datetime(2025, 5, 17, 12, 52, 30, tzinfo=<UTC>), delete_chat_photo=False, from_user=User(first_name='CovoiturageSuisse', id=8098409872, is_bot=True, username='CovoiturageSuissebot'), group_chat_created=False, message_id=1562, reply_markup=InlineKeyboardMarkup(inline_keyboard=((InlineKeyboardButton(callback_data='trip_type:driver', text='🚗 Conducteur'), InlineKeyboardButton(callback_data='trip_type:passenger', text='🧍 Passager')), (InlineKeyboardButton(callback_data='search_trip', text='🔍 Chercher un trajet'), InlineKeyboardButton(callback_data='my_trips', text='📋 Mes trajets')), (InlineKeyboardButton(callback_data='public:driver_trips', text='👀 Voir tous les trajets disponibles'),), (InlineKeyboardButton(callback_data='profile', text='👤 Mon profil'), InlineKeyboardButton(callback_data='help_guide', text='❓ Aide')))), supergroup_chat_created=False, text='👋 Bienvenue sur CovoiturageSuisse!\n\nQue souhaitez-vous faire?')), update_id=425922706)
2025-05-17 14:52:32,109 - telegram.ext.ConversationHandler - DEBUG - Selecting conversation (5932296330, 5932296330) with state None
2025-05-17 14:52:32,109 - telegram.ext.ConversationHandler - DEBUG - Selecting conversation (5932296330, 5932296330) with state None
2025-05-17 14:52:32,109 - telegram.ext.ConversationHandler - DEBUG - Selecting conversation (5932296330, 5932296330) with state None
2025-05-17 14:52:32,109 - telegram.ext.ConversationHandler - DEBUG - Selecting conversation (5932296330, 5932296330) with state None
2025-05-17 14:52:32,109 - telegram.ext.ExtBot - DEBUG - Entering: answer_callback_query
2025-05-17 14:52:32,110 - httpcore.http11 - DEBUG - send_request_headers.started request=<Request [b'POST']>
2025-05-17 14:52:32,110 - httpcore.http11 - DEBUG - send_request_headers.started request=<Request [b'POST']>
2025-05-17 14:52:32,110 - httpcore.http11 - DEBUG - send_request_headers.complete
2025-05-17 14:52:32,110 - httpcore.http11 - DEBUG - send_request_body.started request=<Request [b'POST']>
2025-05-17 14:52:32,111 - httpcore.http11 - DEBUG - send_request_headers.complete
2025-05-17 14:52:32,111 - httpcore.http11 - DEBUG - send_request_body.started request=<Request [b'POST']>
2025-05-17 14:52:32,111 - httpcore.http11 - DEBUG - send_request_body.complete
2025-05-17 14:52:32,111 - httpcore.http11 - DEBUG - receive_response_headers.started request=<Request [b'POST']>
2025-05-17 14:52:32,111 - httpcore.http11 - DEBUG - send_request_body.complete
2025-05-17 14:52:32,111 - httpcore.http11 - DEBUG - receive_response_headers.started request=<Request [b'POST']>
2025-05-17 14:52:32,153 - httpcore.http11 - DEBUG - receive_response_headers.complete return_value=(b'HTTP/1.1', 200, b'OK', [(b'Server', b'nginx/1.18.0'), (b'Date', b'Sat, 17 May 2025 12:52:32 GMT'), (b'Content-Type', b'application/json'), (b'Content-Length', b'25'), (b'Connection', b'keep-alive'), (b'Strict-Transport-Security', b'max-age=31536000; includeSubDomains; preload'), (b'Access-Control-Allow-Origin', b'*'), (b'Access-Control-Allow-Methods', b'GET, POST, OPTIONS'), (b'Access-Control-Expose-Headers', b'Content-Length,Content-Type,Date,Server,Connection')])
2025-05-17 14:52:32,154 - httpx - INFO - HTTP Request: POST https://api.telegram.org/bot8098409872:AAE4b_x-mQ6MBS_oXoyiMWJtWDPhdHWgf3M/answerCallbackQuery "HTTP/1.1 200 OK"
2025-05-17 14:52:32,154 - httpcore.http11 - DEBUG - receive_response_body.started request=<Request [b'POST']>
2025-05-17 14:52:32,154 - httpcore.http11 - DEBUG - receive_response_body.complete
2025-05-17 14:52:32,154 - httpcore.http11 - DEBUG - response_closed.started
2025-05-17 14:52:32,154 - httpcore.http11 - DEBUG - response_closed.complete
2025-05-17 14:52:32,154 - telegram.ext.ExtBot - DEBUG - True
2025-05-17 14:52:32,154 - telegram.ext.ExtBot - DEBUG - Exiting: answer_callback_query
2025-05-17 14:52:32,155 - telegram.ext.ExtBot - DEBUG - Entering: answer_callback_query
2025-05-17 14:52:32,155 - httpcore.http11 - DEBUG - send_request_headers.started request=<Request [b'POST']>
2025-05-17 14:52:32,156 - httpcore.http11 - DEBUG - send_request_headers.complete
2025-05-17 14:52:32,156 - httpcore.http11 - DEBUG - send_request_body.started request=<Request [b'POST']>
2025-05-17 14:52:32,156 - httpcore.http11 - DEBUG - send_request_body.complete
2025-05-17 14:52:32,156 - httpcore.http11 - DEBUG - receive_response_headers.started request=<Request [b'POST']>
2025-05-17 14:52:32,197 - httpcore.http11 - DEBUG - receive_response_headers.complete return_value=(b'HTTP/1.1', 200, b'OK', [(b'Server', b'nginx/1.18.0'), (b'Date', b'Sat, 17 May 2025 12:52:32 GMT'), (b'Content-Type', b'application/json'), (b'Content-Length', b'25'), (b'Connection', b'keep-alive'), (b'Strict-Transport-Security', b'max-age=31536000; includeSubDomains; preload'), (b'Access-Control-Allow-Origin', b'*'), (b'Access-Control-Allow-Methods', b'GET, POST, OPTIONS'), (b'Access-Control-Expose-Headers', b'Content-Length,Content-Type,Date,Server,Connection')])
2025-05-17 14:52:32,197 - httpx - INFO - HTTP Request: POST https://api.telegram.org/bot8098409872:AAE4b_x-mQ6MBS_oXoyiMWJtWDPhdHWgf3M/answerCallbackQuery "HTTP/1.1 200 OK"
2025-05-17 14:52:32,197 - httpcore.http11 - DEBUG - receive_response_body.started request=<Request [b'POST']>
2025-05-17 14:52:32,197 - httpcore.http11 - DEBUG - receive_response_body.complete
2025-05-17 14:52:32,197 - httpcore.http11 - DEBUG - response_closed.started
2025-05-17 14:52:32,198 - httpcore.http11 - DEBUG - response_closed.complete
2025-05-17 14:52:32,198 - telegram.ext.ExtBot - DEBUG - True
2025-05-17 14:52:32,198 - telegram.ext.ExtBot - DEBUG - Exiting: answer_callback_query
2025-05-17 14:52:32,198 - telegram.ext.ExtBot - DEBUG - Entering: edit_message_text
2025-05-17 14:52:32,199 - httpcore.http11 - DEBUG - send_request_headers.started request=<Request [b'POST']>
2025-05-17 14:52:32,199 - httpcore.http11 - DEBUG - send_request_headers.complete
2025-05-17 14:52:32,199 - httpcore.http11 - DEBUG - send_request_body.started request=<Request [b'POST']>
2025-05-17 14:52:32,199 - httpcore.http11 - DEBUG - send_request_body.complete
2025-05-17 14:52:32,199 - httpcore.http11 - DEBUG - receive_response_headers.started request=<Request [b'POST']>
2025-05-17 14:52:32,249 - httpcore.http11 - DEBUG - receive_response_headers.complete return_value=(b'HTTP/1.1', 200, b'OK', [(b'Server', b'nginx/1.18.0'), (b'Date', b'Sat, 17 May 2025 12:52:32 GMT'), (b'Content-Type', b'application/json'), (b'Content-Length', b'1035'), (b'Connection', b'keep-alive'), (b'Strict-Transport-Security', b'max-age=31536000; includeSubDomains; preload'), (b'Access-Control-Allow-Origin', b'*'), (b'Access-Control-Allow-Methods', b'GET, POST, OPTIONS'), (b'Access-Control-Expose-Headers', b'Content-Length,Content-Type,Date,Server,Connection')])
2025-05-17 14:52:32,249 - httpx - INFO - HTTP Request: POST https://api.telegram.org/bot8098409872:AAE4b_x-mQ6MBS_oXoyiMWJtWDPhdHWgf3M/editMessageText "HTTP/1.1 200 OK"
2025-05-17 14:52:32,249 - httpcore.http11 - DEBUG - receive_response_body.started request=<Request [b'POST']>
2025-05-17 14:52:32,249 - httpcore.http11 - DEBUG - receive_response_body.complete
2025-05-17 14:52:32,249 - httpcore.http11 - DEBUG - response_closed.started
2025-05-17 14:52:32,249 - httpcore.http11 - DEBUG - response_closed.complete
2025-05-17 14:52:32,250 - telegram.ext.ExtBot - DEBUG - Message(channel_chat_created=False, chat=Chat(first_name='Nox', id=5932296330, last_name='Hook', type=<ChatType.PRIVATE>, username='Lilith66store'), date=datetime.datetime(2025, 5, 17, 12, 52, 30, tzinfo=<UTC>), delete_chat_photo=False, edit_date=datetime.datetime(2025, 5, 17, 12, 52, 32, tzinfo=<UTC>), entities=(MessageEntity(length=31, offset=3, type=<MessageEntityType.BOLD>),), from_user=User(first_name='CovoiturageSuisse', id=8098409872, is_bot=True, username='CovoiturageSuissebot'), group_chat_created=False, message_id=1562, reply_markup=InlineKeyboardMarkup(inline_keyboard=((InlineKeyboardButton(callback_data='search:offered', text='🚗 Chercher un conducteur'), InlineKeyboardButton(callback_data='search:requested', text='🧍 Chercher un passager')), (InlineKeyboardButton(callback_data='search:nearby', text='📍 Trajets près de chez moi'), InlineKeyboardButton(callback_data='search:today', text="📅 Trajets aujourd'hui")), (InlineKeyboardButton(callback_data='trip_type:driver', text='🚗 Créer trajet conducteur'), InlineKeyboardButton(callback_data='trip_type:passenger', text='🧍 Créer trajet passager')), (InlineKeyboardButton(callback_data='search:cancel', text='❌ Annuler'),))), supergroup_chat_created=False, text='🔍 Recherche et création de trajet\n\nQue souhaitez-vous faire?')
2025-05-17 14:52:32,250 - telegram.ext.ExtBot - DEBUG - Exiting: edit_message_text
2025-05-17 14:52:33,205 - httpcore.http11 - DEBUG - receive_response_headers.complete return_value=(b'HTTP/1.1', 200, b'OK', [(b'Server', b'nginx/1.18.0'), (b'Date', b'Sat, 17 May 2025 12:52:33 GMT'), (b'Content-Type', b'application/json'), (b'Content-Length', b'1306'), (b'Connection', b'keep-alive'), (b'Strict-Transport-Security', b'max-age=31536000; includeSubDomains; preload'), (b'Access-Control-Allow-Origin', b'*'), (b'Access-Control-Allow-Methods', b'GET, POST, OPTIONS'), (b'Access-Control-Expose-Headers', b'Content-Length,Content-Type,Date,Server,Connection')])
2025-05-17 14:52:33,206 - httpx - INFO - HTTP Request: POST https://api.telegram.org/bot8098409872:AAE4b_x-mQ6MBS_oXoyiMWJtWDPhdHWgf3M/getUpdates "HTTP/1.1 200 OK"
2025-05-17 14:52:33,206 - httpcore.http11 - DEBUG - receive_response_body.started request=<Request [b'POST']>
2025-05-17 14:52:33,206 - httpcore.http11 - DEBUG - receive_response_body.complete
2025-05-17 14:52:33,206 - httpcore.http11 - DEBUG - response_closed.started
2025-05-17 14:52:33,206 - httpcore.http11 - DEBUG - response_closed.complete
2025-05-17 14:52:33,206 - telegram.ext.ExtBot - DEBUG - Getting updates: [425922707]
2025-05-17 14:52:33,207 - telegram.ext.ExtBot - DEBUG - (Update(callback_query=CallbackQuery(chat_instance='-6557449970963189547', data='search:nearby', from_user=User(first_name='Nox', id=5932296330, is_bot=False, language_code='fr', last_name='Hook', username='Lilith66store'), id='7032274654198171306', message=Message(channel_chat_created=False, chat=Chat(first_name='Nox', id=5932296330, last_name='Hook', type=<ChatType.PRIVATE>, username='Lilith66store'), date=datetime.datetime(2025, 5, 17, 12, 52, 30, tzinfo=<UTC>), delete_chat_photo=False, edit_date=datetime.datetime(2025, 5, 17, 12, 52, 32, tzinfo=<UTC>), entities=(MessageEntity(length=31, offset=3, type=<MessageEntityType.BOLD>),), from_user=User(first_name='CovoiturageSuisse', id=8098409872, is_bot=True, username='CovoiturageSuissebot'), group_chat_created=False, message_id=1562, reply_markup=InlineKeyboardMarkup(inline_keyboard=((InlineKeyboardButton(callback_data='search:offered', text='🚗 Chercher un conducteur'), InlineKeyboardButton(callback_data='search:requested', text='🧍 Chercher un passager')), (InlineKeyboardButton(callback_data='search:nearby', text='📍 Trajets près de chez moi'), InlineKeyboardButton(callback_data='search:today', text="📅 Trajets aujourd'hui")), (InlineKeyboardButton(callback_data='trip_type:driver', text='🚗 Créer trajet conducteur'), InlineKeyboardButton(callback_data='trip_type:passenger', text='🧍 Créer trajet passager')), (InlineKeyboardButton(callback_data='search:cancel', text='❌ Annuler'),))), supergroup_chat_created=False, text='🔍 Recherche et création de trajet\n\nQue souhaitez-vous faire?')), update_id=425922707),)
2025-05-17 14:52:33,207 - telegram.ext.ExtBot - DEBUG - Exiting: get_updates
2025-05-17 14:52:33,207 - telegram.ext.ExtBot - DEBUG - Entering: get_updates
2025-05-17 14:52:33,208 - telegram.ext.Application - DEBUG - Processing update Update(callback_query=CallbackQuery(chat_instance='-6557449970963189547', data='search:nearby', from_user=User(first_name='Nox', id=5932296330, is_bot=False, language_code='fr', last_name='Hook', username='Lilith66store'), id='7032274654198171306', message=Message(channel_chat_created=False, chat=Chat(first_name='Nox', id=5932296330, last_name='Hook', type=<ChatType.PRIVATE>, username='Lilith66store'), date=datetime.datetime(2025, 5, 17, 12, 52, 30, tzinfo=<UTC>), delete_chat_photo=False, edit_date=datetime.datetime(2025, 5, 17, 12, 52, 32, tzinfo=<UTC>), entities=(MessageEntity(length=31, offset=3, type=<MessageEntityType.BOLD>),), from_user=User(first_name='CovoiturageSuisse', id=8098409872, is_bot=True, username='CovoiturageSuissebot'), group_chat_created=False, message_id=1562, reply_markup=InlineKeyboardMarkup(inline_keyboard=((InlineKeyboardButton(callback_data='search:offered', text='🚗 Chercher un conducteur'), InlineKeyboardButton(callback_data='search:requested', text='🧍 Chercher un passager')), (InlineKeyboardButton(callback_data='search:nearby', text='📍 Trajets près de chez moi'), InlineKeyboardButton(callback_data='search:today', text="📅 Trajets aujourd'hui")), (InlineKeyboardButton(callback_data='trip_type:driver', text='🚗 Créer trajet conducteur'), InlineKeyboardButton(callback_data='trip_type:passenger', text='🧍 Créer trajet passager')), (InlineKeyboardButton(callback_data='search:cancel', text='❌ Annuler'),))), supergroup_chat_created=False, text='🔍 Recherche et création de trajet\n\nQue souhaitez-vous faire?')), update_id=425922707)
2025-05-17 14:52:33,208 - telegram.ext.ConversationHandler - DEBUG - Selecting conversation (5932296330, 5932296330) with state None
2025-05-17 14:52:33,208 - telegram.ext.ConversationHandler - DEBUG - Selecting conversation (5932296330, 5932296330) with state None
2025-05-17 14:52:33,208 - telegram.ext.ConversationHandler - DEBUG - Selecting conversation (5932296330, 5932296330) with state None
2025-05-17 14:52:33,208 - telegram.ext.ConversationHandler - DEBUG - Selecting conversation (5932296330, 5932296330) with state None
2025-05-17 14:52:33,208 - telegram.ext.ConversationHandler - DEBUG - Selecting conversation (5932296330, 5932296330) with state None
2025-05-17 14:52:33,208 - httpcore.http11 - DEBUG - send_request_headers.started request=<Request [b'POST']>
2025-05-17 14:52:33,208 - httpcore.http11 - DEBUG - send_request_headers.complete
2025-05-17 14:52:33,208 - httpcore.http11 - DEBUG - send_request_body.started request=<Request [b'POST']>
2025-05-17 14:52:33,209 - httpcore.http11 - DEBUG - send_request_body.complete
2025-05-17 14:52:33,209 - httpcore.http11 - DEBUG - receive_response_headers.started request=<Request [b'POST']>
2025-05-17 14:52:35,850 - httpcore.http11 - DEBUG - receive_response_headers.complete return_value=(b'HTTP/1.1', 200, b'OK', [(b'Server', b'nginx/1.18.0'), (b'Date', b'Sat, 17 May 2025 12:52:35 GMT'), (b'Content-Type', b'application/json'), (b'Content-Length', b'403'), (b'Connection', b'keep-alive'), (b'Strict-Transport-Security', b'max-age=31536000; includeSubDomains; preload'), (b'Access-Control-Allow-Origin', b'*'), (b'Access-Control-Allow-Methods', b'GET, POST, OPTIONS'), (b'Access-Control-Expose-Headers', b'Content-Length,Content-Type,Date,Server,Connection')])
2025-05-17 14:52:35,850 - httpx - INFO - HTTP Request: POST https://api.telegram.org/bot8098409872:AAE4b_x-mQ6MBS_oXoyiMWJtWDPhdHWgf3M/getUpdates "HTTP/1.1 200 OK"
2025-05-17 14:52:35,850 - httpcore.http11 - DEBUG - receive_response_body.started request=<Request [b'POST']>
2025-05-17 14:52:35,850 - httpcore.http11 - DEBUG - receive_response_body.complete
2025-05-17 14:52:35,850 - httpcore.http11 - DEBUG - response_closed.started
2025-05-17 14:52:35,850 - httpcore.http11 - DEBUG - response_closed.complete
2025-05-17 14:52:35,850 - telegram.ext.ExtBot - DEBUG - Getting updates: [425922708]
2025-05-17 14:52:35,851 - telegram.ext.ExtBot - DEBUG - (Update(message=Message(channel_chat_created=False, chat=Chat(first_name='Nox', id=5932296330, last_name='Hook', type=<ChatType.PRIVATE>, username='Lilith66store'), date=datetime.datetime(2025, 5, 17, 12, 52, 35, tzinfo=<UTC>), delete_chat_photo=False, entities=(MessageEntity(length=7, offset=0, type=<MessageEntityType.BOT_COMMAND>),), from_user=User(first_name='Nox', id=5932296330, is_bot=False, language_code='fr', last_name='Hook', username='Lilith66store'), group_chat_created=False, message_id=1563, supergroup_chat_created=False, text='/profil'), update_id=425922708),)
2025-05-17 14:52:35,851 - telegram.ext.ExtBot - DEBUG - Exiting: get_updates
2025-05-17 14:52:35,851 - telegram.ext.ExtBot - DEBUG - Entering: get_updates
2025-05-17 14:52:35,851 - telegram.ext.Application - DEBUG - Processing update Update(message=Message(channel_chat_created=False, chat=Chat(first_name='Nox', id=5932296330, last_name='Hook', type=<ChatType.PRIVATE>, username='Lilith66store'), date=datetime.datetime(2025, 5, 17, 12, 52, 35, tzinfo=<UTC>), delete_chat_photo=False, entities=(MessageEntity(length=7, offset=0, type=<MessageEntityType.BOT_COMMAND>),), from_user=User(first_name='Nox', id=5932296330, is_bot=False, language_code='fr', last_name='Hook', username='Lilith66store'), group_chat_created=False, message_id=1563, supergroup_chat_created=False, text='/profil'), update_id=425922708)
2025-05-17 14:52:35,851 - telegram.ext.ConversationHandler - DEBUG - Selecting conversation (5932296330, 5932296330) with state None
2025-05-17 14:52:35,852 - telegram.ext.ExtBot - DEBUG - Entering: send_message
2025-05-17 14:52:35,853 - httpcore.http11 - DEBUG - send_request_headers.started request=<Request [b'POST']>
2025-05-17 14:52:35,853 - httpcore.http11 - DEBUG - send_request_headers.started request=<Request [b'POST']>
2025-05-17 14:52:35,854 - httpcore.http11 - DEBUG - send_request_headers.complete
2025-05-17 14:52:35,854 - httpcore.http11 - DEBUG - send_request_body.started request=<Request [b'POST']>
2025-05-17 14:52:35,854 - httpcore.http11 - DEBUG - send_request_headers.complete
2025-05-17 14:52:35,854 - httpcore.http11 - DEBUG - send_request_body.started request=<Request [b'POST']>
2025-05-17 14:52:35,854 - httpcore.http11 - DEBUG - send_request_body.complete
2025-05-17 14:52:35,854 - httpcore.http11 - DEBUG - receive_response_headers.started request=<Request [b'POST']>
2025-05-17 14:52:35,855 - httpcore.http11 - DEBUG - send_request_body.complete
2025-05-17 14:52:35,855 - httpcore.http11 - DEBUG - receive_response_headers.started request=<Request [b'POST']>
2025-05-17 14:52:35,948 - httpcore.http11 - DEBUG - receive_response_headers.complete return_value=(b'HTTP/1.1', 200, b'OK', [(b'Server', b'nginx/1.18.0'), (b'Date', b'Sat, 17 May 2025 12:52:35 GMT'), (b'Content-Type', b'application/json'), (b'Content-Length', b'748'), (b'Connection', b'keep-alive'), (b'Strict-Transport-Security', b'max-age=31536000; includeSubDomains; preload'), (b'Access-Control-Allow-Origin', b'*'), (b'Access-Control-Allow-Methods', b'GET, POST, OPTIONS'), (b'Access-Control-Expose-Headers', b'Content-Length,Content-Type,Date,Server,Connection')])
2025-05-17 14:52:35,948 - httpx - INFO - HTTP Request: POST https://api.telegram.org/bot8098409872:AAE4b_x-mQ6MBS_oXoyiMWJtWDPhdHWgf3M/sendMessage "HTTP/1.1 200 OK"
2025-05-17 14:52:35,949 - httpcore.http11 - DEBUG - receive_response_body.started request=<Request [b'POST']>
2025-05-17 14:52:35,949 - httpcore.http11 - DEBUG - receive_response_body.complete
2025-05-17 14:52:35,949 - httpcore.http11 - DEBUG - response_closed.started
2025-05-17 14:52:35,949 - httpcore.http11 - DEBUG - response_closed.complete
2025-05-17 14:52:35,949 - telegram.ext.ExtBot - DEBUG - Message(channel_chat_created=False, chat=Chat(first_name='Nox', id=5932296330, last_name='Hook', type=<ChatType.PRIVATE>, username='Lilith66store'), date=datetime.datetime(2025, 5, 17, 12, 52, 35, tzinfo=<UTC>), delete_chat_photo=False, entities=(MessageEntity(length=12, offset=32, type=<MessageEntityType.PHONE_NUMBER>),), from_user=User(first_name='CovoiturageSuisse', id=8098409872, is_bot=True, username='CovoiturageSuissebot'), group_chat_created=False, message_id=1564, reply_markup=InlineKeyboardMarkup(inline_keyboard=((InlineKeyboardButton(callback_data='driver', text='🚗 Mode Conducteur'), InlineKeyboardButton(callback_data='passenger', text='🧍 Mode Passager')), (InlineKeyboardButton(callback_data='phone', text='📱 Ajouter téléphone'),), (InlineKeyboardButton(callback_data='menu', text='🔙 Menu principal'),))), supergroup_chat_created=False, text='👤 Profil de Nox\n\n📱 Téléphone: +41795290160\nMode: Conducteur')
2025-05-17 14:52:35,949 - telegram.ext.ExtBot - DEBUG - Exiting: send_message
2025-05-17 14:52:44,327 - httpcore.http11 - DEBUG - receive_response_headers.complete return_value=(b'HTTP/1.1', 200, b'OK', [(b'Server', b'nginx/1.18.0'), (b'Date', b'Sat, 17 May 2025 12:52:44 GMT'), (b'Content-Type', b'application/json'), (b'Content-Length', b'1012'), (b'Connection', b'keep-alive'), (b'Strict-Transport-Security', b'max-age=31536000; includeSubDomains; preload'), (b'Access-Control-Allow-Origin', b'*'), (b'Access-Control-Allow-Methods', b'GET, POST, OPTIONS'), (b'Access-Control-Expose-Headers', b'Content-Length,Content-Type,Date,Server,Connection')])
2025-05-17 14:52:44,327 - httpx - INFO - HTTP Request: POST https://api.telegram.org/bot8098409872:AAE4b_x-mQ6MBS_oXoyiMWJtWDPhdHWgf3M/getUpdates "HTTP/1.1 200 OK"
2025-05-17 14:52:44,328 - httpcore.http11 - DEBUG - receive_response_body.started request=<Request [b'POST']>
2025-05-17 14:52:44,328 - httpcore.http11 - DEBUG - receive_response_body.complete
2025-05-17 14:52:44,328 - httpcore.http11 - DEBUG - response_closed.started
2025-05-17 14:52:44,328 - httpcore.http11 - DEBUG - response_closed.complete
2025-05-17 14:52:44,328 - telegram.ext.ExtBot - DEBUG - Getting updates: [425922709]
2025-05-17 14:52:44,329 - telegram.ext.ExtBot - DEBUG - (Update(callback_query=CallbackQuery(chat_instance='-6557449970963189547', data='driver', from_user=User(first_name='Nox', id=5932296330, is_bot=False, language_code='fr', last_name='Hook', username='Lilith66store'), id='7032274656458312995', message=Message(channel_chat_created=False, chat=Chat(first_name='Nox', id=5932296330, last_name='Hook', type=<ChatType.PRIVATE>, username='Lilith66store'), date=datetime.datetime(2025, 5, 17, 12, 52, 35, tzinfo=<UTC>), delete_chat_photo=False, entities=(MessageEntity(length=12, offset=32, type=<MessageEntityType.PHONE_NUMBER>),), from_user=User(first_name='CovoiturageSuisse', id=8098409872, is_bot=True, username='CovoiturageSuissebot'), group_chat_created=False, message_id=1564, reply_markup=InlineKeyboardMarkup(inline_keyboard=((InlineKeyboardButton(callback_data='driver', text='🚗 Mode Conducteur'), InlineKeyboardButton(callback_data='passenger', text='🧍 Mode Passager')), (InlineKeyboardButton(callback_data='phone', text='📱 Ajouter téléphone'),), (InlineKeyboardButton(callback_data='menu', text='🔙 Menu principal'),))), supergroup_chat_created=False, text='👤 Profil de Nox\n\n📱 Téléphone: +41795290160\nMode: Conducteur')), update_id=425922709),)
2025-05-17 14:52:44,329 - telegram.ext.ExtBot - DEBUG - Exiting: get_updates
2025-05-17 14:52:44,329 - telegram.ext.ExtBot - DEBUG - Entering: get_updates
2025-05-17 14:52:44,330 - telegram.ext.Application - DEBUG - Processing update Update(callback_query=CallbackQuery(chat_instance='-6557449970963189547', data='driver', from_user=User(first_name='Nox', id=5932296330, is_bot=False, language_code='fr', last_name='Hook', username='Lilith66store'), id='7032274656458312995', message=Message(channel_chat_created=False, chat=Chat(first_name='Nox', id=5932296330, last_name='Hook', type=<ChatType.PRIVATE>, username='Lilith66store'), date=datetime.datetime(2025, 5, 17, 12, 52, 35, tzinfo=<UTC>), delete_chat_photo=False, entities=(MessageEntity(length=12, offset=32, type=<MessageEntityType.PHONE_NUMBER>),), from_user=User(first_name='CovoiturageSuisse', id=8098409872, is_bot=True, username='CovoiturageSuissebot'), group_chat_created=False, message_id=1564, reply_markup=InlineKeyboardMarkup(inline_keyboard=((InlineKeyboardButton(callback_data='driver', text='🚗 Mode Conducteur'), InlineKeyboardButton(callback_data='passenger', text='🧍 Mode Passager')), (InlineKeyboardButton(callback_data='phone', text='📱 Ajouter téléphone'),), (InlineKeyboardButton(callback_data='menu', text='🔙 Menu principal'),))), supergroup_chat_created=False, text='👤 Profil de Nox\n\n📱 Téléphone: +41795290160\nMode: Conducteur')), update_id=425922709)
2025-05-17 14:52:44,330 - telegram.ext.ConversationHandler - DEBUG - Selecting conversation (5932296330, 5932296330) with state 0
2025-05-17 14:52:44,330 - telegram.ext.ExtBot - DEBUG - Entering: answer_callback_query
2025-05-17 14:52:44,330 - httpcore.connection - DEBUG - close.started
2025-05-17 14:52:44,330 - httpcore.connection - DEBUG - close.complete
2025-05-17 14:52:44,331 - httpcore.http11 - DEBUG - send_request_headers.started request=<Request [b'POST']>
2025-05-17 14:52:44,331 - httpcore.connection - DEBUG - connect_tcp.started host='api.telegram.org' port=443 local_address=None timeout=5.0 socket_options=None
2025-05-17 14:52:44,331 - httpcore.http11 - DEBUG - send_request_headers.complete
2025-05-17 14:52:44,331 - httpcore.http11 - DEBUG - send_request_body.started request=<Request [b'POST']>
2025-05-17 14:52:44,331 - httpcore.http11 - DEBUG - send_request_body.complete
2025-05-17 14:52:44,331 - httpcore.http11 - DEBUG - receive_response_headers.started request=<Request [b'POST']>
2025-05-17 14:52:44,351 - httpcore.connection - DEBUG - connect_tcp.complete return_value=<httpcore._backends.anyio.AnyIOStream object at 0x1130dc8d0>
2025-05-17 14:52:44,351 - httpcore.connection - DEBUG - start_tls.started ssl_context=<ssl.SSLContext object at 0x10af2c290> server_hostname='api.telegram.org' timeout=5.0
2025-05-17 14:52:44,373 - httpcore.connection - DEBUG - start_tls.complete return_value=<httpcore._backends.anyio.AnyIOStream object at 0x10af8e8d0>
2025-05-17 14:52:44,374 - httpcore.http11 - DEBUG - send_request_headers.started request=<Request [b'POST']>
2025-05-17 14:52:44,374 - httpcore.http11 - DEBUG - send_request_headers.complete
2025-05-17 14:52:44,374 - httpcore.http11 - DEBUG - send_request_body.started request=<Request [b'POST']>
2025-05-17 14:52:44,374 - httpcore.http11 - DEBUG - send_request_body.complete
2025-05-17 14:52:44,374 - httpcore.http11 - DEBUG - receive_response_headers.started request=<Request [b'POST']>
2025-05-17 14:52:44,411 - httpcore.http11 - DEBUG - receive_response_headers.complete return_value=(b'HTTP/1.1', 200, b'OK', [(b'Server', b'nginx/1.18.0'), (b'Date', b'Sat, 17 May 2025 12:52:44 GMT'), (b'Content-Type', b'application/json'), (b'Content-Length', b'25'), (b'Connection', b'keep-alive'), (b'Strict-Transport-Security', b'max-age=31536000; includeSubDomains; preload'), (b'Access-Control-Allow-Origin', b'*'), (b'Access-Control-Allow-Methods', b'GET, POST, OPTIONS'), (b'Access-Control-Expose-Headers', b'Content-Length,Content-Type,Date,Server,Connection')])
2025-05-17 14:52:44,412 - httpx - INFO - HTTP Request: POST https://api.telegram.org/bot8098409872:AAE4b_x-mQ6MBS_oXoyiMWJtWDPhdHWgf3M/answerCallbackQuery "HTTP/1.1 200 OK"
2025-05-17 14:52:44,412 - httpcore.http11 - DEBUG - receive_response_body.started request=<Request [b'POST']>
2025-05-17 14:52:44,412 - httpcore.http11 - DEBUG - receive_response_body.complete
2025-05-17 14:52:44,412 - httpcore.http11 - DEBUG - response_closed.started
2025-05-17 14:52:44,412 - httpcore.http11 - DEBUG - response_closed.complete
2025-05-17 14:52:44,413 - telegram.ext.ExtBot - DEBUG - True
2025-05-17 14:52:44,413 - telegram.ext.ExtBot - DEBUG - Exiting: answer_callback_query
2025-05-17 14:52:44,414 - telegram.ext.ExtBot - DEBUG - Entering: edit_message_text
2025-05-17 14:52:44,415 - httpcore.http11 - DEBUG - send_request_headers.started request=<Request [b'POST']>
2025-05-17 14:52:44,415 - httpcore.http11 - DEBUG - send_request_headers.complete
2025-05-17 14:52:44,415 - httpcore.http11 - DEBUG - send_request_body.started request=<Request [b'POST']>
2025-05-17 14:52:44,415 - httpcore.http11 - DEBUG - send_request_body.complete
2025-05-17 14:52:44,415 - httpcore.http11 - DEBUG - receive_response_headers.started request=<Request [b'POST']>
2025-05-17 14:52:44,451 - httpcore.http11 - DEBUG - receive_response_headers.complete return_value=(b'HTTP/1.1', 200, b'OK', [(b'Server', b'nginx/1.18.0'), (b'Date', b'Sat, 17 May 2025 12:52:44 GMT'), (b'Content-Type', b'application/json'), (b'Content-Length', b'339'), (b'Connection', b'keep-alive'), (b'Strict-Transport-Security', b'max-age=31536000; includeSubDomains; preload'), (b'Access-Control-Allow-Origin', b'*'), (b'Access-Control-Allow-Methods', b'GET, POST, OPTIONS'), (b'Access-Control-Expose-Headers', b'Content-Length,Content-Type,Date,Server,Connection')])
2025-05-17 14:52:44,452 - httpx - INFO - HTTP Request: POST https://api.telegram.org/bot8098409872:AAE4b_x-mQ6MBS_oXoyiMWJtWDPhdHWgf3M/editMessageText "HTTP/1.1 200 OK"
2025-05-17 14:52:44,452 - httpcore.http11 - DEBUG - receive_response_body.started request=<Request [b'POST']>
2025-05-17 14:52:44,452 - httpcore.http11 - DEBUG - receive_response_body.complete
2025-05-17 14:52:44,452 - httpcore.http11 - DEBUG - response_closed.started
2025-05-17 14:52:44,452 - httpcore.http11 - DEBUG - response_closed.complete
2025-05-17 14:52:44,452 - telegram.ext.ExtBot - DEBUG - Message(channel_chat_created=False, chat=Chat(first_name='Nox', id=5932296330, last_name='Hook', type=<ChatType.PRIVATE>, username='Lilith66store'), date=datetime.datetime(2025, 5, 17, 12, 52, 35, tzinfo=<UTC>), delete_chat_photo=False, edit_date=datetime.datetime(2025, 5, 17, 12, 52, 44, tzinfo=<UTC>), from_user=User(first_name='CovoiturageSuisse', id=8098409872, is_bot=True, username='CovoiturageSuissebot'), group_chat_created=False, message_id=1564, supergroup_chat_created=False, text='✅ Mode conducteur activé!')
2025-05-17 14:52:44,453 - telegram.ext.ExtBot - DEBUG - Exiting: edit_message_text
2025-05-17 14:52:49,941 - httpcore.http11 - DEBUG - receive_response_headers.complete return_value=(b'HTTP/1.1', 200, b'OK', [(b'Server', b'nginx/1.18.0'), (b'Date', b'Sat, 17 May 2025 12:52:49 GMT'), (b'Content-Type', b'application/json'), (b'Content-Length', b'402'), (b'Connection', b'keep-alive'), (b'Strict-Transport-Security', b'max-age=31536000; includeSubDomains; preload'), (b'Access-Control-Allow-Origin', b'*'), (b'Access-Control-Allow-Methods', b'GET, POST, OPTIONS'), (b'Access-Control-Expose-Headers', b'Content-Length,Content-Type,Date,Server,Connection')])
2025-05-17 14:52:49,942 - httpx - INFO - HTTP Request: POST https://api.telegram.org/bot8098409872:AAE4b_x-mQ6MBS_oXoyiMWJtWDPhdHWgf3M/getUpdates "HTTP/1.1 200 OK"
2025-05-17 14:52:49,942 - httpcore.http11 - DEBUG - receive_response_body.started request=<Request [b'POST']>
2025-05-17 14:52:49,942 - httpcore.http11 - DEBUG - receive_response_body.complete
2025-05-17 14:52:49,942 - httpcore.http11 - DEBUG - response_closed.started
2025-05-17 14:52:49,942 - httpcore.http11 - DEBUG - response_closed.complete
2025-05-17 14:52:49,942 - telegram.ext.ExtBot - DEBUG - Getting updates: [425922710]
2025-05-17 14:52:49,942 - telegram.ext.ExtBot - DEBUG - (Update(message=Message(channel_chat_created=False, chat=Chat(first_name='Nox', id=5932296330, last_name='Hook', type=<ChatType.PRIVATE>, username='Lilith66store'), date=datetime.datetime(2025, 5, 17, 12, 52, 49, tzinfo=<UTC>), delete_chat_photo=False, entities=(MessageEntity(length=6, offset=0, type=<MessageEntityType.BOT_COMMAND>),), from_user=User(first_name='Nox', id=5932296330, is_bot=False, language_code='fr', last_name='Hook', username='Lilith66store'), group_chat_created=False, message_id=1565, supergroup_chat_created=False, text='/creer'), update_id=425922710),)
2025-05-17 14:52:49,942 - telegram.ext.ExtBot - DEBUG - Exiting: get_updates
2025-05-17 14:52:49,943 - telegram.ext.ExtBot - DEBUG - Entering: get_updates
2025-05-17 14:52:49,943 - telegram.ext.Application - DEBUG - Processing update Update(message=Message(channel_chat_created=False, chat=Chat(first_name='Nox', id=5932296330, last_name='Hook', type=<ChatType.PRIVATE>, username='Lilith66store'), date=datetime.datetime(2025, 5, 17, 12, 52, 49, tzinfo=<UTC>), delete_chat_photo=False, entities=(MessageEntity(length=6, offset=0, type=<MessageEntityType.BOT_COMMAND>),), from_user=User(first_name='Nox', id=5932296330, is_bot=False, language_code='fr', last_name='Hook', username='Lilith66store'), group_chat_created=False, message_id=1565, supergroup_chat_created=False, text='/creer'), update_id=425922710)
2025-05-17 14:52:49,943 - __main__ - DEBUG - 🔍 DEBUG: Commande /creer appelée, utilisation du nouveau handler de création de trajet
2025-05-17 14:52:49,943 - handlers.create_trip_handler - INFO - Mode réglé sur 'create' dans start_create_trip
2025-05-17 14:52:49,943 - telegram.ext.ExtBot - DEBUG - Entering: send_message
2025-05-17 14:52:49,944 - httpcore.connection - DEBUG - close.started
2025-05-17 14:52:49,944 - httpcore.connection - DEBUG - close.complete
2025-05-17 14:52:49,944 - httpcore.http11 - DEBUG - send_request_headers.started request=<Request [b'POST']>
2025-05-17 14:52:49,944 - httpcore.connection - DEBUG - connect_tcp.started host='api.telegram.org' port=443 local_address=None timeout=5.0 socket_options=None
2025-05-17 14:52:49,944 - httpcore.http11 - DEBUG - send_request_headers.complete
2025-05-17 14:52:49,944 - httpcore.http11 - DEBUG - send_request_body.started request=<Request [b'POST']>
2025-05-17 14:52:49,944 - httpcore.http11 - DEBUG - send_request_body.complete
2025-05-17 14:52:49,944 - httpcore.http11 - DEBUG - receive_response_headers.started request=<Request [b'POST']>
2025-05-17 14:52:49,965 - httpcore.connection - DEBUG - connect_tcp.complete return_value=<httpcore._backends.anyio.AnyIOStream object at 0x1130dff10>
2025-05-17 14:52:49,965 - httpcore.connection - DEBUG - start_tls.started ssl_context=<ssl.SSLContext object at 0x10af2c290> server_hostname='api.telegram.org' timeout=5.0
2025-05-17 14:52:49,988 - httpcore.connection - DEBUG - start_tls.complete return_value=<httpcore._backends.anyio.AnyIOStream object at 0x1130df550>
2025-05-17 14:52:49,988 - httpcore.http11 - DEBUG - send_request_headers.started request=<Request [b'POST']>
2025-05-17 14:52:49,988 - httpcore.http11 - DEBUG - send_request_headers.complete
2025-05-17 14:52:49,988 - httpcore.http11 - DEBUG - send_request_body.started request=<Request [b'POST']>
2025-05-17 14:52:49,988 - httpcore.http11 - DEBUG - send_request_body.complete
2025-05-17 14:52:49,988 - httpcore.http11 - DEBUG - receive_response_headers.started request=<Request [b'POST']>
2025-05-17 14:52:50,067 - httpcore.http11 - DEBUG - receive_response_headers.complete return_value=(b'HTTP/1.1', 200, b'OK', [(b'Server', b'nginx/1.18.0'), (b'Date', b'Sat, 17 May 2025 12:52:50 GMT'), (b'Content-Type', b'application/json'), (b'Content-Length', b'692'), (b'Connection', b'keep-alive'), (b'Strict-Transport-Security', b'max-age=31536000; includeSubDomains; preload'), (b'Access-Control-Allow-Origin', b'*'), (b'Access-Control-Allow-Methods', b'GET, POST, OPTIONS'), (b'Access-Control-Expose-Headers', b'Content-Length,Content-Type,Date,Server,Connection')])
2025-05-17 14:52:50,067 - httpx - INFO - HTTP Request: POST https://api.telegram.org/bot8098409872:AAE4b_x-mQ6MBS_oXoyiMWJtWDPhdHWgf3M/sendMessage "HTTP/1.1 200 OK"
2025-05-17 14:52:50,068 - httpcore.http11 - DEBUG - receive_response_body.started request=<Request [b'POST']>
2025-05-17 14:52:50,068 - httpcore.http11 - DEBUG - receive_response_body.complete
2025-05-17 14:52:50,068 - httpcore.http11 - DEBUG - response_closed.started
2025-05-17 14:52:50,068 - httpcore.http11 - DEBUG - response_closed.complete
2025-05-17 14:52:50,069 - telegram.ext.ExtBot - DEBUG - Message(channel_chat_created=False, chat=Chat(first_name='Nox', id=5932296330, last_name='Hook', type=<ChatType.PRIVATE>, username='Lilith66store'), date=datetime.datetime(2025, 5, 17, 12, 52, 50, tzinfo=<UTC>), delete_chat_photo=False, entities=(MessageEntity(length=28, offset=3, type=<MessageEntityType.BOLD>),), from_user=User(first_name='CovoiturageSuisse', id=8098409872, is_bot=True, username='CovoiturageSuissebot'), group_chat_created=False, message_id=1566, reply_markup=InlineKeyboardMarkup(inline_keyboard=((InlineKeyboardButton(callback_data='trip_type:driver', text='🚗 Conducteur'), InlineKeyboardButton(callback_data='trip_type:passenger', text='🧍 Passager')), (InlineKeyboardButton(callback_data='create_cancel', text='❌ Annuler'),))), supergroup_chat_created=False, text="🚗 Création d'un nouveau trajet\n\nÉtape 1️⃣ - Choisissez votre rôle pour ce trajet:")
2025-05-17 14:52:50,069 - telegram.ext.ExtBot - DEBUG - Exiting: send_message
2025-05-17 14:52:50,952 - httpcore.http11 - DEBUG - receive_response_headers.complete return_value=(b'HTTP/1.1', 200, b'OK', [(b'Server', b'nginx/1.18.0'), (b'Date', b'Sat, 17 May 2025 12:52:50 GMT'), (b'Content-Type', b'application/json'), (b'Content-Length', b'966'), (b'Connection', b'keep-alive'), (b'Strict-Transport-Security', b'max-age=31536000; includeSubDomains; preload'), (b'Access-Control-Allow-Origin', b'*'), (b'Access-Control-Allow-Methods', b'GET, POST, OPTIONS'), (b'Access-Control-Expose-Headers', b'Content-Length,Content-Type,Date,Server,Connection')])
2025-05-17 14:52:50,952 - httpx - INFO - HTTP Request: POST https://api.telegram.org/bot8098409872:AAE4b_x-mQ6MBS_oXoyiMWJtWDPhdHWgf3M/getUpdates "HTTP/1.1 200 OK"
2025-05-17 14:52:50,952 - httpcore.http11 - DEBUG - receive_response_body.started request=<Request [b'POST']>
2025-05-17 14:52:50,952 - httpcore.http11 - DEBUG - receive_response_body.complete
2025-05-17 14:52:50,953 - httpcore.http11 - DEBUG - response_closed.started
2025-05-17 14:52:50,953 - httpcore.http11 - DEBUG - response_closed.complete
2025-05-17 14:52:50,953 - telegram.ext.ExtBot - DEBUG - Getting updates: [425922711]
2025-05-17 14:52:50,954 - telegram.ext.ExtBot - DEBUG - (Update(callback_query=CallbackQuery(chat_instance='-6557449970963189547', data='trip_type:driver', from_user=User(first_name='Nox', id=5932296330, is_bot=False, language_code='fr', last_name='Hook', username='Lilith66store'), id='7032274656845091333', message=Message(channel_chat_created=False, chat=Chat(first_name='Nox', id=5932296330, last_name='Hook', type=<ChatType.PRIVATE>, username='Lilith66store'), date=datetime.datetime(2025, 5, 17, 12, 52, 50, tzinfo=<UTC>), delete_chat_photo=False, entities=(MessageEntity(length=28, offset=3, type=<MessageEntityType.BOLD>),), from_user=User(first_name='CovoiturageSuisse', id=8098409872, is_bot=True, username='CovoiturageSuissebot'), group_chat_created=False, message_id=1566, reply_markup=InlineKeyboardMarkup(inline_keyboard=((InlineKeyboardButton(callback_data='trip_type:driver', text='🚗 Conducteur'), InlineKeyboardButton(callback_data='trip_type:passenger', text='🧍 Passager')), (InlineKeyboardButton(callback_data='create_cancel', text='❌ Annuler'),))), supergroup_chat_created=False, text="🚗 Création d'un nouveau trajet\n\nÉtape 1️⃣ - Choisissez votre rôle pour ce trajet:")), update_id=425922711),)
2025-05-17 14:52:50,954 - telegram.ext.ExtBot - DEBUG - Exiting: get_updates
2025-05-17 14:52:50,954 - telegram.ext.ExtBot - DEBUG - Entering: get_updates
2025-05-17 14:52:50,954 - telegram.ext.Application - DEBUG - Processing update Update(callback_query=CallbackQuery(chat_instance='-6557449970963189547', data='trip_type:driver', from_user=User(first_name='Nox', id=5932296330, is_bot=False, language_code='fr', last_name='Hook', username='Lilith66store'), id='7032274656845091333', message=Message(channel_chat_created=False, chat=Chat(first_name='Nox', id=5932296330, last_name='Hook', type=<ChatType.PRIVATE>, username='Lilith66store'), date=datetime.datetime(2025, 5, 17, 12, 52, 50, tzinfo=<UTC>), delete_chat_photo=False, entities=(MessageEntity(length=28, offset=3, type=<MessageEntityType.BOLD>),), from_user=User(first_name='CovoiturageSuisse', id=8098409872, is_bot=True, username='CovoiturageSuissebot'), group_chat_created=False, message_id=1566, reply_markup=InlineKeyboardMarkup(inline_keyboard=((InlineKeyboardButton(callback_data='trip_type:driver', text='🚗 Conducteur'), InlineKeyboardButton(callback_data='trip_type:passenger', text='🧍 Passager')), (InlineKeyboardButton(callback_data='create_cancel', text='❌ Annuler'),))), supergroup_chat_created=False, text="🚗 Création d'un nouveau trajet\n\nÉtape 1️⃣ - Choisissez votre rôle pour ce trajet:")), update_id=425922711)
2025-05-17 14:52:50,955 - telegram.ext.ConversationHandler - DEBUG - Selecting conversation (5932296330, 5932296330) with state 0
2025-05-17 14:52:50,955 - telegram.ext.ConversationHandler - DEBUG - Selecting conversation (5932296330, 5932296330) with state None
2025-05-17 14:52:50,955 - telegram.ext.ConversationHandler - DEBUG - Selecting conversation (5932296330, 5932296330) with state None
2025-05-17 14:52:50,955 - telegram.ext.ConversationHandler - DEBUG - Selecting conversation (5932296330, 5932296330) with state None
2025-05-17 14:52:50,955 - telegram.ext.ConversationHandler - DEBUG - Selecting conversation (5932296330, 5932296330) with state None
2025-05-17 14:52:50,955 - httpcore.http11 - DEBUG - send_request_headers.started request=<Request [b'POST']>
2025-05-17 14:52:50,955 - httpcore.http11 - DEBUG - send_request_headers.complete
2025-05-17 14:52:50,955 - httpcore.http11 - DEBUG - send_request_body.started request=<Request [b'POST']>
2025-05-17 14:52:50,955 - httpcore.http11 - DEBUG - send_request_body.complete
2025-05-17 14:52:50,955 - httpcore.http11 - DEBUG - receive_response_headers.started request=<Request [b'POST']>
2025-05-17 14:52:52,361 - httpcore.http11 - DEBUG - receive_response_headers.complete return_value=(b'HTTP/1.1', 200, b'OK', [(b'Server', b'nginx/1.18.0'), (b'Date', b'Sat, 17 May 2025 12:52:52 GMT'), (b'Content-Type', b'application/json'), (b'Content-Length', b'966'), (b'Connection', b'keep-alive'), (b'Strict-Transport-Security', b'max-age=31536000; includeSubDomains; preload'), (b'Access-Control-Allow-Origin', b'*'), (b'Access-Control-Allow-Methods', b'GET, POST, OPTIONS'), (b'Access-Control-Expose-Headers', b'Content-Length,Content-Type,Date,Server,Connection')])
2025-05-17 14:52:52,361 - httpx - INFO - HTTP Request: POST https://api.telegram.org/bot8098409872:AAE4b_x-mQ6MBS_oXoyiMWJtWDPhdHWgf3M/getUpdates "HTTP/1.1 200 OK"
2025-05-17 14:52:52,361 - httpcore.http11 - DEBUG - receive_response_body.started request=<Request [b'POST']>
2025-05-17 14:52:52,361 - httpcore.http11 - DEBUG - receive_response_body.complete
2025-05-17 14:52:52,361 - httpcore.http11 - DEBUG - response_closed.started
2025-05-17 14:52:52,361 - httpcore.http11 - DEBUG - response_closed.complete
2025-05-17 14:52:52,362 - telegram.ext.ExtBot - DEBUG - Getting updates: [425922712]
2025-05-17 14:52:52,362 - telegram.ext.ExtBot - DEBUG - (Update(callback_query=CallbackQuery(chat_instance='-6557449970963189547', data='trip_type:driver', from_user=User(first_name='Nox', id=5932296330, is_bot=False, language_code='fr', last_name='Hook', username='Lilith66store'), id='7032274657363431176', message=Message(channel_chat_created=False, chat=Chat(first_name='Nox', id=5932296330, last_name='Hook', type=<ChatType.PRIVATE>, username='Lilith66store'), date=datetime.datetime(2025, 5, 17, 12, 52, 50, tzinfo=<UTC>), delete_chat_photo=False, entities=(MessageEntity(length=28, offset=3, type=<MessageEntityType.BOLD>),), from_user=User(first_name='CovoiturageSuisse', id=8098409872, is_bot=True, username='CovoiturageSuissebot'), group_chat_created=False, message_id=1566, reply_markup=InlineKeyboardMarkup(inline_keyboard=((InlineKeyboardButton(callback_data='trip_type:driver', text='🚗 Conducteur'), InlineKeyboardButton(callback_data='trip_type:passenger', text='🧍 Passager')), (InlineKeyboardButton(callback_data='create_cancel', text='❌ Annuler'),))), supergroup_chat_created=False, text="🚗 Création d'un nouveau trajet\n\nÉtape 1️⃣ - Choisissez votre rôle pour ce trajet:")), update_id=425922712),)
2025-05-17 14:52:52,362 - telegram.ext.ExtBot - DEBUG - Exiting: get_updates
2025-05-17 14:52:52,362 - telegram.ext.ExtBot - DEBUG - Entering: get_updates
2025-05-17 14:52:52,363 - telegram.ext.Application - DEBUG - Processing update Update(callback_query=CallbackQuery(chat_instance='-6557449970963189547', data='trip_type:driver', from_user=User(first_name='Nox', id=5932296330, is_bot=False, language_code='fr', last_name='Hook', username='Lilith66store'), id='7032274657363431176', message=Message(channel_chat_created=False, chat=Chat(first_name='Nox', id=5932296330, last_name='Hook', type=<ChatType.PRIVATE>, username='Lilith66store'), date=datetime.datetime(2025, 5, 17, 12, 52, 50, tzinfo=<UTC>), delete_chat_photo=False, entities=(MessageEntity(length=28, offset=3, type=<MessageEntityType.BOLD>),), from_user=User(first_name='CovoiturageSuisse', id=8098409872, is_bot=True, username='CovoiturageSuissebot'), group_chat_created=False, message_id=1566, reply_markup=InlineKeyboardMarkup(inline_keyboard=((InlineKeyboardButton(callback_data='trip_type:driver', text='🚗 Conducteur'), InlineKeyboardButton(callback_data='trip_type:passenger', text='🧍 Passager')), (InlineKeyboardButton(callback_data='create_cancel', text='❌ Annuler'),))), supergroup_chat_created=False, text="🚗 Création d'un nouveau trajet\n\nÉtape 1️⃣ - Choisissez votre rôle pour ce trajet:")), update_id=425922712)
2025-05-17 14:52:52,363 - telegram.ext.ConversationHandler - DEBUG - Selecting conversation (5932296330, 5932296330) with state 0
2025-05-17 14:52:52,363 - telegram.ext.ConversationHandler - DEBUG - Selecting conversation (5932296330, 5932296330) with state None
2025-05-17 14:52:52,363 - telegram.ext.ConversationHandler - DEBUG - Selecting conversation (5932296330, 5932296330) with state None
2025-05-17 14:52:52,363 - telegram.ext.ConversationHandler - DEBUG - Selecting conversation (5932296330, 5932296330) with state None
2025-05-17 14:52:52,363 - telegram.ext.ConversationHandler - DEBUG - Selecting conversation (5932296330, 5932296330) with state None
2025-05-17 14:52:52,364 - httpcore.http11 - DEBUG - send_request_headers.started request=<Request [b'POST']>
2025-05-17 14:52:52,364 - httpcore.http11 - DEBUG - send_request_headers.complete
2025-05-17 14:52:52,364 - httpcore.http11 - DEBUG - send_request_body.started request=<Request [b'POST']>
2025-05-17 14:52:52,364 - httpcore.http11 - DEBUG - send_request_body.complete
2025-05-17 14:52:52,364 - httpcore.http11 - DEBUG - receive_response_headers.started request=<Request [b'POST']>
2025-05-17 14:52:52,484 - httpcore.http11 - DEBUG - receive_response_headers.complete return_value=(b'HTTP/1.1', 200, b'OK', [(b'Server', b'nginx/1.18.0'), (b'Date', b'Sat, 17 May 2025 12:52:52 GMT'), (b'Content-Type', b'application/json'), (b'Content-Length', b'966'), (b'Connection', b'keep-alive'), (b'Strict-Transport-Security', b'max-age=31536000; includeSubDomains; preload'), (b'Access-Control-Allow-Origin', b'*'), (b'Access-Control-Allow-Methods', b'GET, POST, OPTIONS'), (b'Access-Control-Expose-Headers', b'Content-Length,Content-Type,Date,Server,Connection')])
2025-05-17 14:52:52,484 - httpx - INFO - HTTP Request: POST https://api.telegram.org/bot8098409872:AAE4b_x-mQ6MBS_oXoyiMWJtWDPhdHWgf3M/getUpdates "HTTP/1.1 200 OK"
2025-05-17 14:52:52,484 - httpcore.http11 - DEBUG - receive_response_body.started request=<Request [b'POST']>
2025-05-17 14:52:52,484 - httpcore.http11 - DEBUG - receive_response_body.complete
2025-05-17 14:52:52,484 - httpcore.http11 - DEBUG - response_closed.started
2025-05-17 14:52:52,484 - httpcore.http11 - DEBUG - response_closed.complete
2025-05-17 14:52:52,485 - telegram.ext.ExtBot - DEBUG - Getting updates: [425922713]
2025-05-17 14:52:52,485 - telegram.ext.ExtBot - DEBUG - (Update(callback_query=CallbackQuery(chat_instance='-6557449970963189547', data='trip_type:driver', from_user=User(first_name='Nox', id=5932296330, is_bot=False, language_code='fr', last_name='Hook', username='Lilith66store'), id='7032274655808099948', message=Message(channel_chat_created=False, chat=Chat(first_name='Nox', id=5932296330, last_name='Hook', type=<ChatType.PRIVATE>, username='Lilith66store'), date=datetime.datetime(2025, 5, 17, 12, 52, 50, tzinfo=<UTC>), delete_chat_photo=False, entities=(MessageEntity(length=28, offset=3, type=<MessageEntityType.BOLD>),), from_user=User(first_name='CovoiturageSuisse', id=8098409872, is_bot=True, username='CovoiturageSuissebot'), group_chat_created=False, message_id=1566, reply_markup=InlineKeyboardMarkup(inline_keyboard=((InlineKeyboardButton(callback_data='trip_type:driver', text='🚗 Conducteur'), InlineKeyboardButton(callback_data='trip_type:passenger', text='🧍 Passager')), (InlineKeyboardButton(callback_data='create_cancel', text='❌ Annuler'),))), supergroup_chat_created=False, text="🚗 Création d'un nouveau trajet\n\nÉtape 1️⃣ - Choisissez votre rôle pour ce trajet:")), update_id=425922713),)
2025-05-17 14:52:52,486 - telegram.ext.ExtBot - DEBUG - Exiting: get_updates
2025-05-17 14:52:52,486 - telegram.ext.ExtBot - DEBUG - Entering: get_updates
2025-05-17 14:52:52,486 - telegram.ext.Application - DEBUG - Processing update Update(callback_query=CallbackQuery(chat_instance='-6557449970963189547', data='trip_type:driver', from_user=User(first_name='Nox', id=5932296330, is_bot=False, language_code='fr', last_name='Hook', username='Lilith66store'), id='7032274655808099948', message=Message(channel_chat_created=False, chat=Chat(first_name='Nox', id=5932296330, last_name='Hook', type=<ChatType.PRIVATE>, username='Lilith66store'), date=datetime.datetime(2025, 5, 17, 12, 52, 50, tzinfo=<UTC>), delete_chat_photo=False, entities=(MessageEntity(length=28, offset=3, type=<MessageEntityType.BOLD>),), from_user=User(first_name='CovoiturageSuisse', id=8098409872, is_bot=True, username='CovoiturageSuissebot'), group_chat_created=False, message_id=1566, reply_markup=InlineKeyboardMarkup(inline_keyboard=((InlineKeyboardButton(callback_data='trip_type:driver', text='🚗 Conducteur'), InlineKeyboardButton(callback_data='trip_type:passenger', text='🧍 Passager')), (InlineKeyboardButton(callback_data='create_cancel', text='❌ Annuler'),))), supergroup_chat_created=False, text="🚗 Création d'un nouveau trajet\n\nÉtape 1️⃣ - Choisissez votre rôle pour ce trajet:")), update_id=425922713)
2025-05-17 14:52:52,486 - telegram.ext.ConversationHandler - DEBUG - Selecting conversation (5932296330, 5932296330) with state 0
2025-05-17 14:52:52,486 - telegram.ext.ConversationHandler - DEBUG - Selecting conversation (5932296330, 5932296330) with state None
2025-05-17 14:52:52,486 - telegram.ext.ConversationHandler - DEBUG - Selecting conversation (5932296330, 5932296330) with state None
2025-05-17 14:52:52,487 - telegram.ext.ConversationHandler - DEBUG - Selecting conversation (5932296330, 5932296330) with state None
2025-05-17 14:52:52,487 - telegram.ext.ConversationHandler - DEBUG - Selecting conversation (5932296330, 5932296330) with state None
2025-05-17 14:52:52,487 - httpcore.http11 - DEBUG - send_request_headers.started request=<Request [b'POST']>
2025-05-17 14:52:52,487 - httpcore.http11 - DEBUG - send_request_headers.complete
2025-05-17 14:52:52,487 - httpcore.http11 - DEBUG - send_request_body.started request=<Request [b'POST']>
2025-05-17 14:52:52,487 - httpcore.http11 - DEBUG - send_request_body.complete
2025-05-17 14:52:52,488 - httpcore.http11 - DEBUG - receive_response_headers.started request=<Request [b'POST']>
2025-05-17 14:52:52,626 - httpcore.http11 - DEBUG - receive_response_headers.complete return_value=(b'HTTP/1.1', 200, b'OK', [(b'Server', b'nginx/1.18.0'), (b'Date', b'Sat, 17 May 2025 12:52:52 GMT'), (b'Content-Type', b'application/json'), (b'Content-Length', b'966'), (b'Connection', b'keep-alive'), (b'Strict-Transport-Security', b'max-age=31536000; includeSubDomains; preload'), (b'Access-Control-Allow-Origin', b'*'), (b'Access-Control-Allow-Methods', b'GET, POST, OPTIONS'), (b'Access-Control-Expose-Headers', b'Content-Length,Content-Type,Date,Server,Connection')])
2025-05-17 14:52:52,626 - httpx - INFO - HTTP Request: POST https://api.telegram.org/bot8098409872:AAE4b_x-mQ6MBS_oXoyiMWJtWDPhdHWgf3M/getUpdates "HTTP/1.1 200 OK"
2025-05-17 14:52:52,626 - httpcore.http11 - DEBUG - receive_response_body.started request=<Request [b'POST']>
2025-05-17 14:52:52,626 - httpcore.http11 - DEBUG - receive_response_body.complete
2025-05-17 14:52:52,626 - httpcore.http11 - DEBUG - response_closed.started
2025-05-17 14:52:52,626 - httpcore.http11 - DEBUG - response_closed.complete
2025-05-17 14:52:52,627 - telegram.ext.ExtBot - DEBUG - Getting updates: [425922714]
2025-05-17 14:52:52,627 - telegram.ext.ExtBot - DEBUG - (Update(callback_query=CallbackQuery(chat_instance='-6557449970963189547', data='trip_type:driver', from_user=User(first_name='Nox', id=5932296330, is_bot=False, language_code='fr', last_name='Hook', username='Lilith66store'), id='7032274657643515796', message=Message(channel_chat_created=False, chat=Chat(first_name='Nox', id=5932296330, last_name='Hook', type=<ChatType.PRIVATE>, username='Lilith66store'), date=datetime.datetime(2025, 5, 17, 12, 52, 50, tzinfo=<UTC>), delete_chat_photo=False, entities=(MessageEntity(length=28, offset=3, type=<MessageEntityType.BOLD>),), from_user=User(first_name='CovoiturageSuisse', id=8098409872, is_bot=True, username='CovoiturageSuissebot'), group_chat_created=False, message_id=1566, reply_markup=InlineKeyboardMarkup(inline_keyboard=((InlineKeyboardButton(callback_data='trip_type:driver', text='🚗 Conducteur'), InlineKeyboardButton(callback_data='trip_type:passenger', text='🧍 Passager')), (InlineKeyboardButton(callback_data='create_cancel', text='❌ Annuler'),))), supergroup_chat_created=False, text="🚗 Création d'un nouveau trajet\n\nÉtape 1️⃣ - Choisissez votre rôle pour ce trajet:")), update_id=425922714),)
2025-05-17 14:52:52,627 - telegram.ext.ExtBot - DEBUG - Exiting: get_updates
2025-05-17 14:52:52,627 - telegram.ext.ExtBot - DEBUG - Entering: get_updates
2025-05-17 14:52:52,628 - telegram.ext.Application - DEBUG - Processing update Update(callback_query=CallbackQuery(chat_instance='-6557449970963189547', data='trip_type:driver', from_user=User(first_name='Nox', id=5932296330, is_bot=False, language_code='fr', last_name='Hook', username='Lilith66store'), id='7032274657643515796', message=Message(channel_chat_created=False, chat=Chat(first_name='Nox', id=5932296330, last_name='Hook', type=<ChatType.PRIVATE>, username='Lilith66store'), date=datetime.datetime(2025, 5, 17, 12, 52, 50, tzinfo=<UTC>), delete_chat_photo=False, entities=(MessageEntity(length=28, offset=3, type=<MessageEntityType.BOLD>),), from_user=User(first_name='CovoiturageSuisse', id=8098409872, is_bot=True, username='CovoiturageSuissebot'), group_chat_created=False, message_id=1566, reply_markup=InlineKeyboardMarkup(inline_keyboard=((InlineKeyboardButton(callback_data='trip_type:driver', text='🚗 Conducteur'), InlineKeyboardButton(callback_data='trip_type:passenger', text='🧍 Passager')), (InlineKeyboardButton(callback_data='create_cancel', text='❌ Annuler'),))), supergroup_chat_created=False, text="🚗 Création d'un nouveau trajet\n\nÉtape 1️⃣ - Choisissez votre rôle pour ce trajet:")), update_id=425922714)
2025-05-17 14:52:52,628 - telegram.ext.ConversationHandler - DEBUG - Selecting conversation (5932296330, 5932296330) with state 0
2025-05-17 14:52:52,628 - telegram.ext.ConversationHandler - DEBUG - Selecting conversation (5932296330, 5932296330) with state None
2025-05-17 14:52:52,628 - telegram.ext.ConversationHandler - DEBUG - Selecting conversation (5932296330, 5932296330) with state None
2025-05-17 14:52:52,628 - telegram.ext.ConversationHandler - DEBUG - Selecting conversation (5932296330, 5932296330) with state None
2025-05-17 14:52:52,628 - telegram.ext.ConversationHandler - DEBUG - Selecting conversation (5932296330, 5932296330) with state None
2025-05-17 14:52:52,629 - httpcore.http11 - DEBUG - send_request_headers.started request=<Request [b'POST']>
2025-05-17 14:52:52,629 - httpcore.http11 - DEBUG - send_request_headers.complete
2025-05-17 14:52:52,629 - httpcore.http11 - DEBUG - send_request_body.started request=<Request [b'POST']>
2025-05-17 14:52:52,629 - httpcore.http11 - DEBUG - send_request_body.complete
2025-05-17 14:52:52,629 - httpcore.http11 - DEBUG - receive_response_headers.started request=<Request [b'POST']>
2025-05-17 14:52:52,849 - httpcore.http11 - DEBUG - receive_response_headers.complete return_value=(b'HTTP/1.1', 200, b'OK', [(b'Server', b'nginx/1.18.0'), (b'Date', b'Sat, 17 May 2025 12:52:52 GMT'), (b'Content-Type', b'application/json'), (b'Content-Length', b'966'), (b'Connection', b'keep-alive'), (b'Strict-Transport-Security', b'max-age=31536000; includeSubDomains; preload'), (b'Access-Control-Allow-Origin', b'*'), (b'Access-Control-Allow-Methods', b'GET, POST, OPTIONS'), (b'Access-Control-Expose-Headers', b'Content-Length,Content-Type,Date,Server,Connection')])
2025-05-17 14:52:52,850 - httpx - INFO - HTTP Request: POST https://api.telegram.org/bot8098409872:AAE4b_x-mQ6MBS_oXoyiMWJtWDPhdHWgf3M/getUpdates "HTTP/1.1 200 OK"
2025-05-17 14:52:52,850 - httpcore.http11 - DEBUG - receive_response_body.started request=<Request [b'POST']>
2025-05-17 14:52:52,850 - httpcore.http11 - DEBUG - receive_response_body.complete
2025-05-17 14:52:52,850 - httpcore.http11 - DEBUG - response_closed.started
2025-05-17 14:52:52,850 - httpcore.http11 - DEBUG - response_closed.complete
2025-05-17 14:52:52,851 - telegram.ext.ExtBot - DEBUG - Getting updates: [425922715]
2025-05-17 14:52:52,851 - telegram.ext.ExtBot - DEBUG - (Update(callback_query=CallbackQuery(chat_instance='-6557449970963189547', data='trip_type:driver', from_user=User(first_name='Nox', id=5932296330, is_bot=False, language_code='fr', last_name='Hook', username='Lilith66store'), id='7032274657188068998', message=Message(channel_chat_created=False, chat=Chat(first_name='Nox', id=5932296330, last_name='Hook', type=<ChatType.PRIVATE>, username='Lilith66store'), date=datetime.datetime(2025, 5, 17, 12, 52, 50, tzinfo=<UTC>), delete_chat_photo=False, entities=(MessageEntity(length=28, offset=3, type=<MessageEntityType.BOLD>),), from_user=User(first_name='CovoiturageSuisse', id=8098409872, is_bot=True, username='CovoiturageSuissebot'), group_chat_created=False, message_id=1566, reply_markup=InlineKeyboardMarkup(inline_keyboard=((InlineKeyboardButton(callback_data='trip_type:driver', text='🚗 Conducteur'), InlineKeyboardButton(callback_data='trip_type:passenger', text='🧍 Passager')), (InlineKeyboardButton(callback_data='create_cancel', text='❌ Annuler'),))), supergroup_chat_created=False, text="🚗 Création d'un nouveau trajet\n\nÉtape 1️⃣ - Choisissez votre rôle pour ce trajet:")), update_id=425922715),)
2025-05-17 14:52:52,851 - telegram.ext.ExtBot - DEBUG - Exiting: get_updates
2025-05-17 14:52:52,851 - telegram.ext.ExtBot - DEBUG - Entering: get_updates
2025-05-17 14:52:52,852 - telegram.ext.Application - DEBUG - Processing update Update(callback_query=CallbackQuery(chat_instance='-6557449970963189547', data='trip_type:driver', from_user=User(first_name='Nox', id=5932296330, is_bot=False, language_code='fr', last_name='Hook', username='Lilith66store'), id='7032274657188068998', message=Message(channel_chat_created=False, chat=Chat(first_name='Nox', id=5932296330, last_name='Hook', type=<ChatType.PRIVATE>, username='Lilith66store'), date=datetime.datetime(2025, 5, 17, 12, 52, 50, tzinfo=<UTC>), delete_chat_photo=False, entities=(MessageEntity(length=28, offset=3, type=<MessageEntityType.BOLD>),), from_user=User(first_name='CovoiturageSuisse', id=8098409872, is_bot=True, username='CovoiturageSuissebot'), group_chat_created=False, message_id=1566, reply_markup=InlineKeyboardMarkup(inline_keyboard=((InlineKeyboardButton(callback_data='trip_type:driver', text='🚗 Conducteur'), InlineKeyboardButton(callback_data='trip_type:passenger', text='🧍 Passager')), (InlineKeyboardButton(callback_data='create_cancel', text='❌ Annuler'),))), supergroup_chat_created=False, text="🚗 Création d'un nouveau trajet\n\nÉtape 1️⃣ - Choisissez votre rôle pour ce trajet:")), update_id=425922715)
2025-05-17 14:52:52,852 - telegram.ext.ConversationHandler - DEBUG - Selecting conversation (5932296330, 5932296330) with state 0
2025-05-17 14:52:52,852 - telegram.ext.ConversationHandler - DEBUG - Selecting conversation (5932296330, 5932296330) with state None
2025-05-17 14:52:52,852 - telegram.ext.ConversationHandler - DEBUG - Selecting conversation (5932296330, 5932296330) with state None
2025-05-17 14:52:52,852 - telegram.ext.ConversationHandler - DEBUG - Selecting conversation (5932296330, 5932296330) with state None
2025-05-17 14:52:52,853 - telegram.ext.ConversationHandler - DEBUG - Selecting conversation (5932296330, 5932296330) with state None
2025-05-17 14:52:52,853 - httpcore.http11 - DEBUG - send_request_headers.started request=<Request [b'POST']>
2025-05-17 14:52:52,853 - httpcore.http11 - DEBUG - send_request_headers.complete
2025-05-17 14:52:52,853 - httpcore.http11 - DEBUG - send_request_body.started request=<Request [b'POST']>
2025-05-17 14:52:52,853 - httpcore.http11 - DEBUG - send_request_body.complete
2025-05-17 14:52:52,853 - httpcore.http11 - DEBUG - receive_response_headers.started request=<Request [b'POST']>
2025-05-17 14:52:56,089 - httpcore.http11 - DEBUG - receive_response_headers.complete return_value=(b'HTTP/1.1', 200, b'OK', [(b'Server', b'nginx/1.18.0'), (b'Date', b'Sat, 17 May 2025 12:52:56 GMT'), (b'Content-Type', b'application/json'), (b'Content-Length', b'966'), (b'Connection', b'keep-alive'), (b'Strict-Transport-Security', b'max-age=31536000; includeSubDomains; preload'), (b'Access-Control-Allow-Origin', b'*'), (b'Access-Control-Allow-Methods', b'GET, POST, OPTIONS'), (b'Access-Control-Expose-Headers', b'Content-Length,Content-Type,Date,Server,Connection')])
2025-05-17 14:52:56,089 - httpx - INFO - HTTP Request: POST https://api.telegram.org/bot8098409872:AAE4b_x-mQ6MBS_oXoyiMWJtWDPhdHWgf3M/getUpdates "HTTP/1.1 200 OK"
2025-05-17 14:52:56,089 - httpcore.http11 - DEBUG - receive_response_body.started request=<Request [b'POST']>
2025-05-17 14:52:56,089 - httpcore.http11 - DEBUG - receive_response_body.complete
2025-05-17 14:52:56,089 - httpcore.http11 - DEBUG - response_closed.started
2025-05-17 14:52:56,089 - httpcore.http11 - DEBUG - response_closed.complete
2025-05-17 14:52:56,090 - telegram.ext.ExtBot - DEBUG - Getting updates: [425922716]
2025-05-17 14:52:56,090 - telegram.ext.ExtBot - DEBUG - (Update(callback_query=CallbackQuery(chat_instance='-6557449970963189547', data='trip_type:driver', from_user=User(first_name='Nox', id=5932296330, is_bot=False, language_code='fr', last_name='Hook', username='Lilith66store'), id='7032274655552501608', message=Message(channel_chat_created=False, chat=Chat(first_name='Nox', id=5932296330, last_name='Hook', type=<ChatType.PRIVATE>, username='Lilith66store'), date=datetime.datetime(2025, 5, 17, 12, 52, 50, tzinfo=<UTC>), delete_chat_photo=False, entities=(MessageEntity(length=28, offset=3, type=<MessageEntityType.BOLD>),), from_user=User(first_name='CovoiturageSuisse', id=8098409872, is_bot=True, username='CovoiturageSuissebot'), group_chat_created=False, message_id=1566, reply_markup=InlineKeyboardMarkup(inline_keyboard=((InlineKeyboardButton(callback_data='trip_type:driver', text='🚗 Conducteur'), InlineKeyboardButton(callback_data='trip_type:passenger', text='🧍 Passager')), (InlineKeyboardButton(callback_data='create_cancel', text='❌ Annuler'),))), supergroup_chat_created=False, text="🚗 Création d'un nouveau trajet\n\nÉtape 1️⃣ - Choisissez votre rôle pour ce trajet:")), update_id=425922716),)
2025-05-17 14:52:56,090 - telegram.ext.ExtBot - DEBUG - Exiting: get_updates
2025-05-17 14:52:56,090 - telegram.ext.ExtBot - DEBUG - Entering: get_updates
2025-05-17 14:52:56,091 - telegram.ext.Application - DEBUG - Processing update Update(callback_query=CallbackQuery(chat_instance='-6557449970963189547', data='trip_type:driver', from_user=User(first_name='Nox', id=5932296330, is_bot=False, language_code='fr', last_name='Hook', username='Lilith66store'), id='7032274655552501608', message=Message(channel_chat_created=False, chat=Chat(first_name='Nox', id=5932296330, last_name='Hook', type=<ChatType.PRIVATE>, username='Lilith66store'), date=datetime.datetime(2025, 5, 17, 12, 52, 50, tzinfo=<UTC>), delete_chat_photo=False, entities=(MessageEntity(length=28, offset=3, type=<MessageEntityType.BOLD>),), from_user=User(first_name='CovoiturageSuisse', id=8098409872, is_bot=True, username='CovoiturageSuissebot'), group_chat_created=False, message_id=1566, reply_markup=InlineKeyboardMarkup(inline_keyboard=((InlineKeyboardButton(callback_data='trip_type:driver', text='🚗 Conducteur'), InlineKeyboardButton(callback_data='trip_type:passenger', text='🧍 Passager')), (InlineKeyboardButton(callback_data='create_cancel', text='❌ Annuler'),))), supergroup_chat_created=False, text="🚗 Création d'un nouveau trajet\n\nÉtape 1️⃣ - Choisissez votre rôle pour ce trajet:")), update_id=425922716)
2025-05-17 14:52:56,091 - telegram.ext.ConversationHandler - DEBUG - Selecting conversation (5932296330, 5932296330) with state 0
2025-05-17 14:52:56,091 - telegram.ext.ConversationHandler - DEBUG - Selecting conversation (5932296330, 5932296330) with state None
2025-05-17 14:52:56,091 - telegram.ext.ConversationHandler - DEBUG - Selecting conversation (5932296330, 5932296330) with state None
2025-05-17 14:52:56,091 - telegram.ext.ConversationHandler - DEBUG - Selecting conversation (5932296330, 5932296330) with state None
2025-05-17 14:52:56,091 - telegram.ext.ConversationHandler - DEBUG - Selecting conversation (5932296330, 5932296330) with state None
2025-05-17 14:52:56,091 - httpcore.http11 - DEBUG - send_request_headers.started request=<Request [b'POST']>
2025-05-17 14:52:56,091 - httpcore.http11 - DEBUG - send_request_headers.complete
2025-05-17 14:52:56,091 - httpcore.http11 - DEBUG - send_request_body.started request=<Request [b'POST']>
2025-05-17 14:52:56,092 - httpcore.http11 - DEBUG - send_request_body.complete
2025-05-17 14:52:56,092 - httpcore.http11 - DEBUG - receive_response_headers.started request=<Request [b'POST']>
2025-05-17 14:53:06,114 - httpcore.http11 - DEBUG - receive_response_headers.complete return_value=(b'HTTP/1.1', 200, b'OK', [(b'Server', b'nginx/1.18.0'), (b'Date', b'Sat, 17 May 2025 12:53:06 GMT'), (b'Content-Type', b'application/json'), (b'Content-Length', b'23'), (b'Connection', b'keep-alive'), (b'Strict-Transport-Security', b'max-age=31536000; includeSubDomains; preload'), (b'Access-Control-Allow-Origin', b'*'), (b'Access-Control-Allow-Methods', b'GET, POST, OPTIONS'), (b'Access-Control-Expose-Headers', b'Content-Length,Content-Type,Date,Server,Connection')])
2025-05-17 14:53:06,114 - httpx - INFO - HTTP Request: POST https://api.telegram.org/bot8098409872:AAE4b_x-mQ6MBS_oXoyiMWJtWDPhdHWgf3M/getUpdates "HTTP/1.1 200 OK"
2025-05-17 14:53:06,114 - httpcore.http11 - DEBUG - receive_response_body.started request=<Request [b'POST']>
2025-05-17 14:53:06,114 - httpcore.http11 - DEBUG - receive_response_body.complete
2025-05-17 14:53:06,116 - httpcore.http11 - DEBUG - response_closed.started
2025-05-17 14:53:06,116 - httpcore.http11 - DEBUG - response_closed.complete
2025-05-17 14:53:06,116 - telegram.ext.ExtBot - DEBUG - No new updates found.
2025-05-17 14:53:06,116 - telegram.ext.ExtBot - DEBUG - ()
2025-05-17 14:53:06,116 - telegram.ext.ExtBot - DEBUG - Exiting: get_updates
2025-05-17 14:53:06,117 - telegram.ext.ExtBot - DEBUG - Entering: get_updates
2025-05-17 14:53:06,117 - httpcore.http11 - DEBUG - send_request_headers.started request=<Request [b'POST']>
2025-05-17 14:53:06,117 - httpcore.http11 - DEBUG - send_request_headers.complete
2025-05-17 14:53:06,117 - httpcore.http11 - DEBUG - send_request_body.started request=<Request [b'POST']>
2025-05-17 14:53:06,117 - httpcore.http11 - DEBUG - send_request_body.complete
2025-05-17 14:53:06,117 - httpcore.http11 - DEBUG - receive_response_headers.started request=<Request [b'POST']>
2025-05-17 14:53:16,211 - httpcore.http11 - DEBUG - receive_response_headers.complete return_value=(b'HTTP/1.1', 200, b'OK', [(b'Server', b'nginx/1.18.0'), (b'Date', b'Sat, 17 May 2025 12:53:16 GMT'), (b'Content-Type', b'application/json'), (b'Content-Length', b'23'), (b'Connection', b'keep-alive'), (b'Strict-Transport-Security', b'max-age=31536000; includeSubDomains; preload'), (b'Access-Control-Allow-Origin', b'*'), (b'Access-Control-Allow-Methods', b'GET, POST, OPTIONS'), (b'Access-Control-Expose-Headers', b'Content-Length,Content-Type,Date,Server,Connection')])
2025-05-17 14:53:16,212 - httpx - INFO - HTTP Request: POST https://api.telegram.org/bot8098409872:AAE4b_x-mQ6MBS_oXoyiMWJtWDPhdHWgf3M/getUpdates "HTTP/1.1 200 OK"
2025-05-17 14:53:16,212 - httpcore.http11 - DEBUG - receive_response_body.started request=<Request [b'POST']>
2025-05-17 14:53:16,212 - httpcore.http11 - DEBUG - receive_response_body.complete
2025-05-17 14:53:16,212 - httpcore.http11 - DEBUG - response_closed.started
2025-05-17 14:53:16,212 - httpcore.http11 - DEBUG - response_closed.complete
2025-05-17 14:53:16,212 - telegram.ext.ExtBot - DEBUG - No new updates found.
2025-05-17 14:53:16,212 - telegram.ext.ExtBot - DEBUG - ()
2025-05-17 14:53:16,213 - telegram.ext.ExtBot - DEBUG - Exiting: get_updates
2025-05-17 14:53:16,213 - telegram.ext.ExtBot - DEBUG - Entering: get_updates
2025-05-17 14:53:16,213 - httpcore.http11 - DEBUG - send_request_headers.started request=<Request [b'POST']>
2025-05-17 14:53:16,213 - httpcore.http11 - DEBUG - send_request_headers.complete
2025-05-17 14:53:16,214 - httpcore.http11 - DEBUG - send_request_body.started request=<Request [b'POST']>
2025-05-17 14:53:16,214 - httpcore.http11 - DEBUG - send_request_body.complete
2025-05-17 14:53:16,214 - httpcore.http11 - DEBUG - receive_response_headers.started request=<Request [b'POST']>
2025-05-17 14:53:19,025 - telegram.ext.Application - DEBUG - Starting next run of updating the persistence.
2025-05-17 14:53:19,025 - telegram.ext.Application - DEBUG - Finished updating persistence.
2025-05-17 14:53:26,242 - httpcore.http11 - DEBUG - receive_response_headers.complete return_value=(b'HTTP/1.1', 200, b'OK', [(b'Server', b'nginx/1.18.0'), (b'Date', b'Sat, 17 May 2025 12:53:26 GMT'), (b'Content-Type', b'application/json'), (b'Content-Length', b'23'), (b'Connection', b'keep-alive'), (b'Strict-Transport-Security', b'max-age=31536000; includeSubDomains; preload'), (b'Access-Control-Allow-Origin', b'*'), (b'Access-Control-Allow-Methods', b'GET, POST, OPTIONS'), (b'Access-Control-Expose-Headers', b'Content-Length,Content-Type,Date,Server,Connection')])
2025-05-17 14:53:26,243 - httpx - INFO - HTTP Request: POST https://api.telegram.org/bot8098409872:AAE4b_x-mQ6MBS_oXoyiMWJtWDPhdHWgf3M/getUpdates "HTTP/1.1 200 OK"
2025-05-17 14:53:26,243 - httpcore.http11 - DEBUG - receive_response_body.started request=<Request [b'POST']>
2025-05-17 14:53:26,243 - httpcore.http11 - DEBUG - receive_response_body.complete
2025-05-17 14:53:26,243 - httpcore.http11 - DEBUG - response_closed.started
2025-05-17 14:53:26,243 - httpcore.http11 - DEBUG - response_closed.complete
2025-05-17 14:53:26,243 - telegram.ext.ExtBot - DEBUG - No new updates found.
2025-05-17 14:53:26,243 - telegram.ext.ExtBot - DEBUG - ()
2025-05-17 14:53:26,243 - telegram.ext.ExtBot - DEBUG - Exiting: get_updates
2025-05-17 14:53:26,243 - telegram.ext.ExtBot - DEBUG - Entering: get_updates
2025-05-17 14:53:26,244 - httpcore.http11 - DEBUG - send_request_headers.started request=<Request [b'POST']>
2025-05-17 14:53:26,244 - httpcore.http11 - DEBUG - send_request_headers.complete
2025-05-17 14:53:26,244 - httpcore.http11 - DEBUG - send_request_body.started request=<Request [b'POST']>
2025-05-17 14:53:26,244 - httpcore.http11 - DEBUG - send_request_body.complete
2025-05-17 14:53:26,244 - httpcore.http11 - DEBUG - receive_response_headers.started request=<Request [b'POST']>
2025-05-17 14:53:36,266 - httpcore.http11 - DEBUG - receive_response_headers.complete return_value=(b'HTTP/1.1', 200, b'OK', [(b'Server', b'nginx/1.18.0'), (b'Date', b'Sat, 17 May 2025 12:53:36 GMT'), (b'Content-Type', b'application/json'), (b'Content-Length', b'23'), (b'Connection', b'keep-alive'), (b'Strict-Transport-Security', b'max-age=31536000; includeSubDomains; preload'), (b'Access-Control-Allow-Origin', b'*'), (b'Access-Control-Allow-Methods', b'GET, POST, OPTIONS'), (b'Access-Control-Expose-Headers', b'Content-Length,Content-Type,Date,Server,Connection')])
2025-05-17 14:53:36,266 - httpx - INFO - HTTP Request: POST https://api.telegram.org/bot8098409872:AAE4b_x-mQ6MBS_oXoyiMWJtWDPhdHWgf3M/getUpdates "HTTP/1.1 200 OK"
2025-05-17 14:53:36,266 - httpcore.http11 - DEBUG - receive_response_body.started request=<Request [b'POST']>
2025-05-17 14:53:36,266 - httpcore.http11 - DEBUG - receive_response_body.complete
2025-05-17 14:53:36,266 - httpcore.http11 - DEBUG - response_closed.started
2025-05-17 14:53:36,266 - httpcore.http11 - DEBUG - response_closed.complete
2025-05-17 14:53:36,266 - telegram.ext.ExtBot - DEBUG - No new updates found.
2025-05-17 14:53:36,267 - telegram.ext.ExtBot - DEBUG - ()
2025-05-17 14:53:36,267 - telegram.ext.ExtBot - DEBUG - Exiting: get_updates
2025-05-17 14:53:36,267 - telegram.ext.ExtBot - DEBUG - Entering: get_updates
2025-05-17 14:53:36,267 - httpcore.http11 - DEBUG - send_request_headers.started request=<Request [b'POST']>
2025-05-17 14:53:36,267 - httpcore.http11 - DEBUG - send_request_headers.complete
2025-05-17 14:53:36,267 - httpcore.http11 - DEBUG - send_request_body.started request=<Request [b'POST']>
2025-05-17 14:53:36,267 - httpcore.http11 - DEBUG - send_request_body.complete
2025-05-17 14:53:36,267 - httpcore.http11 - DEBUG - receive_response_headers.started request=<Request [b'POST']>
