2025-05-14 22:16:13,961 - __main__ - INFO - 🚀 Démarrage du script de lancement du bot CovoiturageSuisse...
2025-05-14 22:16:13,961 - __main__ - INFO - 🔍 Vérification des correctifs...
2025-05-14 22:16:14,501 - utils.swiss_cities - INFO - Trying to load localities from /Users/margaux/CovoiturageSuisse/data/swiss_localities.json
2025-05-14 22:16:14,503 - utils.swiss_cities - INFO - Loaded 741 localities from direct format
2025-05-14 22:16:14,505 - __main__ - INFO - ✅ Import list_my_trips dans menu_handlers.py OK
2025-05-14 22:16:14,511 - __main__ - INFO - ✅ État DRIVER_START présent dans driver_trip_handler
2025-05-14 22:16:14,511 - __main__ - INFO - ✅ État PASSENGER_START présent dans passenger_trip_handler
2025-05-14 22:16:14,511 - __main__ - INFO - ✅ Handler pour DRIVER_START présent dans ConversationHandler
2025-05-14 22:16:14,511 - __main__ - INFO - ✅ Handler pour PASSENGER_START présent dans ConversationHandler
2025-05-14 22:16:14,511 - __main__ - INFO - ✅ Toutes les vérifications terminées
2025-05-14 22:16:14,511 - __main__ - INFO - 🔄 Lancement du bot...
2025-05-14 22:16:14,520 - utils.swiss_cities - INFO - Trying to load localities from /Users/margaux/CovoiturageSuisse/data/swiss_localities.json
2025-05-14 22:16:14,521 - utils.swiss_cities - INFO - Loaded 741 localities from direct format
2025-05-14 22:16:14,521 - handlers.trip_handlers - INFO - Chargé 741 localités
2025-05-14 22:16:15,091 - handlers.help_handlers - INFO - Enregistrement des handlers d'aide
2025-05-14 22:16:15,091 - bot - INFO - Enregistrement des handlers de création de trajet...
2025-05-14 22:16:15,091 - bot - INFO - 🔍 DEBUG: Enregistrement des handlers de création de trajet (trip_type:driver, trip_type:passenger)
2025-05-14 22:16:15,091 - handlers.trip_creation.driver_trip_handler - INFO - Enregistrement des handlers de création de trajet conducteur
2025-05-14 22:16:15,091 - handlers.trip_creation.passenger_trip_handler - INFO - Enregistrement des handlers de création de demande de trajet passager
2025-05-14 22:16:15,091 - handlers.preferences.trip_preferences_handler - INFO - Enregistrement des handlers de préférences de trajet
2025-05-14 22:16:15,092 - handlers.menu_handlers - INFO - Enregistrement des handlers de menu
2025-05-14 22:16:15,092 - handlers.trip_search.search_handler - INFO - Enregistrement des handlers de recherche de trajet
2025-05-14 22:16:15,092 - bot - INFO - Démarrage du bot...
2025-05-14 22:16:15,180 - httpx - INFO - HTTP Request: POST https://api.telegram.org/bot8098409872:AAE4b_x-mQ6MBS_oXoyiMWJtWDPhdHWgf3M/getMe "HTTP/1.1 200 OK"
2025-05-14 22:16:15,206 - httpx - INFO - HTTP Request: POST https://api.telegram.org/bot8098409872:AAE4b_x-mQ6MBS_oXoyiMWJtWDPhdHWgf3M/deleteWebhook "HTTP/1.1 200 OK"
2025-05-14 22:16:15,207 - telegram.ext.Application - INFO - Application started
2025-05-14 22:16:22,712 - httpx - INFO - HTTP Request: POST https://api.telegram.org/bot8098409872:AAE4b_x-mQ6MBS_oXoyiMWJtWDPhdHWgf3M/getUpdates "HTTP/1.1 200 OK"
2025-05-14 22:16:22,854 - httpx - INFO - HTTP Request: POST https://api.telegram.org/bot8098409872:AAE4b_x-mQ6MBS_oXoyiMWJtWDPhdHWgf3M/sendMessage "HTTP/1.1 200 OK"
2025-05-14 22:16:24,866 - httpx - INFO - HTTP Request: POST https://api.telegram.org/bot8098409872:AAE4b_x-mQ6MBS_oXoyiMWJtWDPhdHWgf3M/getUpdates "HTTP/1.1 200 OK"
2025-05-14 22:16:27,176 - httpx - INFO - HTTP Request: POST https://api.telegram.org/bot8098409872:AAE4b_x-mQ6MBS_oXoyiMWJtWDPhdHWgf3M/getUpdates "HTTP/1.1 200 OK"
2025-05-14 22:16:34,570 - httpx - INFO - HTTP Request: POST https://api.telegram.org/bot8098409872:AAE4b_x-mQ6MBS_oXoyiMWJtWDPhdHWgf3M/getUpdates "HTTP/1.1 200 OK"
2025-05-14 22:16:34,695 - httpx - INFO - HTTP Request: POST https://api.telegram.org/bot8098409872:AAE4b_x-mQ6MBS_oXoyiMWJtWDPhdHWgf3M/sendMessage "HTTP/1.1 200 OK"
2025-05-14 22:16:36,511 - httpx - INFO - HTTP Request: POST https://api.telegram.org/bot8098409872:AAE4b_x-mQ6MBS_oXoyiMWJtWDPhdHWgf3M/getUpdates "HTTP/1.1 200 OK"
2025-05-14 22:16:36,558 - httpx - INFO - HTTP Request: POST https://api.telegram.org/bot8098409872:AAE4b_x-mQ6MBS_oXoyiMWJtWDPhdHWgf3M/answerCallbackQuery "HTTP/1.1 200 OK"
2025-05-14 22:16:36,595 - httpx - INFO - HTTP Request: POST https://api.telegram.org/bot8098409872:AAE4b_x-mQ6MBS_oXoyiMWJtWDPhdHWgf3M/answerCallbackQuery "HTTP/1.1 200 OK"
2025-05-14 22:16:36,657 - httpx - INFO - HTTP Request: POST https://api.telegram.org/bot8098409872:AAE4b_x-mQ6MBS_oXoyiMWJtWDPhdHWgf3M/editMessageText "HTTP/1.1 200 OK"
2025-05-14 22:16:46,583 - httpx - INFO - HTTP Request: POST https://api.telegram.org/bot8098409872:AAE4b_x-mQ6MBS_oXoyiMWJtWDPhdHWgf3M/getUpdates "HTTP/1.1 200 OK"
2025-05-14 22:16:56,612 - httpx - INFO - HTTP Request: POST https://api.telegram.org/bot8098409872:AAE4b_x-mQ6MBS_oXoyiMWJtWDPhdHWgf3M/getUpdates "HTTP/1.1 200 OK"
2025-05-14 22:17:04,780 - httpx - INFO - HTTP Request: POST https://api.telegram.org/bot8098409872:AAE4b_x-mQ6MBS_oXoyiMWJtWDPhdHWgf3M/getUpdates "HTTP/1.1 200 OK"
2025-05-14 22:17:10,184 - httpx - INFO - HTTP Request: POST https://api.telegram.org/bot8098409872:AAE4b_x-mQ6MBS_oXoyiMWJtWDPhdHWgf3M/getUpdates "HTTP/1.1 200 OK"
2025-05-14 22:17:14,129 - httpx - INFO - HTTP Request: POST https://api.telegram.org/bot8098409872:AAE4b_x-mQ6MBS_oXoyiMWJtWDPhdHWgf3M/getUpdates "HTTP/1.1 200 OK"
2025-05-14 22:17:16,833 - httpx - INFO - HTTP Request: POST https://api.telegram.org/bot8098409872:AAE4b_x-mQ6MBS_oXoyiMWJtWDPhdHWgf3M/getUpdates "HTTP/1.1 200 OK"
2025-05-14 22:17:17,026 - httpx - INFO - HTTP Request: POST https://api.telegram.org/bot8098409872:AAE4b_x-mQ6MBS_oXoyiMWJtWDPhdHWgf3M/getUpdates "HTTP/1.1 200 OK"
2025-05-14 22:17:17,217 - httpx - INFO - HTTP Request: POST https://api.telegram.org/bot8098409872:AAE4b_x-mQ6MBS_oXoyiMWJtWDPhdHWgf3M/sendMessage "HTTP/1.1 200 OK"
2025-05-14 22:17:18,564 - httpx - INFO - HTTP Request: POST https://api.telegram.org/bot8098409872:AAE4b_x-mQ6MBS_oXoyiMWJtWDPhdHWgf3M/getUpdates "HTTP/1.1 200 OK"
2025-05-14 22:17:18,638 - httpx - INFO - HTTP Request: POST https://api.telegram.org/bot8098409872:AAE4b_x-mQ6MBS_oXoyiMWJtWDPhdHWgf3M/answerCallbackQuery "HTTP/1.1 200 OK"
2025-05-14 22:17:18,741 - httpx - INFO - HTTP Request: POST https://api.telegram.org/bot8098409872:AAE4b_x-mQ6MBS_oXoyiMWJtWDPhdHWgf3M/answerCallbackQuery "HTTP/1.1 200 OK"
2025-05-14 22:17:18,873 - httpx - INFO - HTTP Request: POST https://api.telegram.org/bot8098409872:AAE4b_x-mQ6MBS_oXoyiMWJtWDPhdHWgf3M/editMessageText "HTTP/1.1 200 OK"
2025-05-14 22:17:21,118 - httpx - INFO - HTTP Request: POST https://api.telegram.org/bot8098409872:AAE4b_x-mQ6MBS_oXoyiMWJtWDPhdHWgf3M/getUpdates "HTTP/1.1 200 OK"
2025-05-14 22:17:23,621 - httpx - INFO - HTTP Request: POST https://api.telegram.org/bot8098409872:AAE4b_x-mQ6MBS_oXoyiMWJtWDPhdHWgf3M/getUpdates "HTTP/1.1 200 OK"
2025-05-14 22:17:25,881 - httpx - INFO - HTTP Request: POST https://api.telegram.org/bot8098409872:AAE4b_x-mQ6MBS_oXoyiMWJtWDPhdHWgf3M/getUpdates "HTTP/1.1 200 OK"
2025-05-14 22:17:25,999 - httpx - INFO - HTTP Request: POST https://api.telegram.org/bot8098409872:AAE4b_x-mQ6MBS_oXoyiMWJtWDPhdHWgf3M/sendMessage "HTTP/1.1 200 OK"
2025-05-14 22:17:29,135 - httpx - INFO - HTTP Request: POST https://api.telegram.org/bot8098409872:AAE4b_x-mQ6MBS_oXoyiMWJtWDPhdHWgf3M/getUpdates "HTTP/1.1 200 OK"
2025-05-14 22:17:29,403 - httpx - INFO - HTTP Request: POST https://api.telegram.org/bot8098409872:AAE4b_x-mQ6MBS_oXoyiMWJtWDPhdHWgf3M/sendMessage "HTTP/1.1 200 OK"
2025-05-14 22:17:32,606 - httpx - INFO - HTTP Request: POST https://api.telegram.org/bot8098409872:AAE4b_x-mQ6MBS_oXoyiMWJtWDPhdHWgf3M/getUpdates "HTTP/1.1 200 OK"
2025-05-14 22:17:32,654 - httpx - INFO - HTTP Request: POST https://api.telegram.org/bot8098409872:AAE4b_x-mQ6MBS_oXoyiMWJtWDPhdHWgf3M/sendMessage "HTTP/1.1 200 OK"
2025-05-14 22:17:34,273 - httpx - INFO - HTTP Request: POST https://api.telegram.org/bot8098409872:AAE4b_x-mQ6MBS_oXoyiMWJtWDPhdHWgf3M/getUpdates "HTTP/1.1 200 OK"
2025-05-14 22:17:35,328 - httpx - INFO - HTTP Request: POST https://api.telegram.org/bot8098409872:AAE4b_x-mQ6MBS_oXoyiMWJtWDPhdHWgf3M/getUpdates "HTTP/1.1 200 OK"
2025-05-14 22:17:45,360 - httpx - INFO - HTTP Request: POST https://api.telegram.org/bot8098409872:AAE4b_x-mQ6MBS_oXoyiMWJtWDPhdHWgf3M/getUpdates "HTTP/1.1 200 OK"
2025-05-14 22:17:55,392 - httpx - INFO - HTTP Request: POST https://api.telegram.org/bot8098409872:AAE4b_x-mQ6MBS_oXoyiMWJtWDPhdHWgf3M/getUpdates "HTTP/1.1 200 OK"
2025-05-14 22:18:05,423 - httpx - INFO - HTTP Request: POST https://api.telegram.org/bot8098409872:AAE4b_x-mQ6MBS_oXoyiMWJtWDPhdHWgf3M/getUpdates "HTTP/1.1 200 OK"
2025-05-14 22:18:15,448 - httpx - INFO - HTTP Request: POST https://api.telegram.org/bot8098409872:AAE4b_x-mQ6MBS_oXoyiMWJtWDPhdHWgf3M/getUpdates "HTTP/1.1 200 OK"
2025-05-14 22:18:25,500 - httpx - INFO - HTTP Request: POST https://api.telegram.org/bot8098409872:AAE4b_x-mQ6MBS_oXoyiMWJtWDPhdHWgf3M/getUpdates "HTTP/1.1 200 OK"
2025-05-14 22:18:35,530 - httpx - INFO - HTTP Request: POST https://api.telegram.org/bot8098409872:AAE4b_x-mQ6MBS_oXoyiMWJtWDPhdHWgf3M/getUpdates "HTTP/1.1 200 OK"
2025-05-14 22:18:45,570 - httpx - INFO - HTTP Request: POST https://api.telegram.org/bot8098409872:AAE4b_x-mQ6MBS_oXoyiMWJtWDPhdHWgf3M/getUpdates "HTTP/1.1 200 OK"
2025-05-14 22:18:55,708 - httpx - INFO - HTTP Request: POST https://api.telegram.org/bot8098409872:AAE4b_x-mQ6MBS_oXoyiMWJtWDPhdHWgf3M/getUpdates "HTTP/1.1 200 OK"
2025-05-14 22:19:05,736 - httpx - INFO - HTTP Request: POST https://api.telegram.org/bot8098409872:AAE4b_x-mQ6MBS_oXoyiMWJtWDPhdHWgf3M/getUpdates "HTTP/1.1 200 OK"
2025-05-14 22:19:15,761 - httpx - INFO - HTTP Request: POST https://api.telegram.org/bot8098409872:AAE4b_x-mQ6MBS_oXoyiMWJtWDPhdHWgf3M/getUpdates "HTTP/1.1 200 OK"
2025-05-14 22:19:25,791 - httpx - INFO - HTTP Request: POST https://api.telegram.org/bot8098409872:AAE4b_x-mQ6MBS_oXoyiMWJtWDPhdHWgf3M/getUpdates "HTTP/1.1 200 OK"
2025-05-14 22:19:35,816 - httpx - INFO - HTTP Request: POST https://api.telegram.org/bot8098409872:AAE4b_x-mQ6MBS_oXoyiMWJtWDPhdHWgf3M/getUpdates "HTTP/1.1 200 OK"
2025-05-14 22:19:45,843 - httpx - INFO - HTTP Request: POST https://api.telegram.org/bot8098409872:AAE4b_x-mQ6MBS_oXoyiMWJtWDPhdHWgf3M/getUpdates "HTTP/1.1 200 OK"
2025-05-14 22:19:55,871 - httpx - INFO - HTTP Request: POST https://api.telegram.org/bot8098409872:AAE4b_x-mQ6MBS_oXoyiMWJtWDPhdHWgf3M/getUpdates "HTTP/1.1 200 OK"
