2025-05-17 14:54:39,893 - __main__ - INFO - 🚀 Démarrage du script de lancement, logs dans logs/bot_fixed_20250517_145439.log
2025-05-17 14:54:39,894 - __main__ - INFO - 🧹 Nettoyage de l'environnement...
2025-05-17 14:54:40,047 - __main__ - INFO - 🔴 Processus bot arrêtés: 
2025-05-17 14:54:41,049 - __main__ - INFO - 🚀 Lancement du bot...
2025-05-17 14:54:41,053 - __main__ - INFO - ✅ Bot démarré avec succès (PID: 31132)
🔪 KILL: Arrêt forcé de tous les processus Python liés au bot...
🔍 PID actuel (à ignorer): 31139
⏩ Ignoré: PID 31132 (processus actuel ou parent)
✅ Aucun processus en cours d'exécution.
2025-05-17 14:54:42,040 - httpx - DEBUG - load_ssl_context verify=True cert=None trust_env=True http2=False
2025-05-17 14:54:42,040 - httpx - DEBUG - load_verify_locations cafile='/Users/margaux/CovoiturageSuisse/venv/lib/python3.11/site-packages/certifi/cacert.pem'
2025-05-17 14:54:42,050 - httpx - DEBUG - load_ssl_context verify=True cert=None trust_env=True http2=False
2025-05-17 14:54:42,051 - httpx - DEBUG - load_verify_locations cafile='/Users/margaux/CovoiturageSuisse/venv/lib/python3.11/site-packages/certifi/cacert.pem'
2025-05-17 14:54:42,061 - handlers.help_handlers - INFO - Enregistrement des handlers d'aide
2025-05-17 14:54:42,061 - __main__ - INFO - ✅ Activation des nouveaux handlers de création de trajet
2025-05-17 14:54:42,061 - handlers.create_trip_handler - INFO - 🔄 Enregistrement des handlers de création de trajet...
2025-05-17 14:54:42,061 - handlers.create_trip_handler - INFO - ✅ ConversationHandler pour création de trajet enregistré avec succès
2025-05-17 14:54:42,061 - handlers.create_trip_handler - INFO - ✅ Handler pour publication de trajet enregistré avec succès
2025-05-17 14:54:42,061 - handlers.create_trip_handler - INFO - États disponibles dans ConversationHandler: [0, 1, 2, 3, 8, 9, 10, 11, 5, 6, 7]
2025-05-17 14:54:42,061 - handlers.create_trip_handler - INFO - ✅ Tous les handlers de création de trajet enregistrés avec succès.
2025-05-17 14:54:42,062 - handlers.menu_handlers - INFO - Enregistrement des handlers de menu
2025-05-17 14:54:42,062 - handlers.search_trip_handler - INFO - Handlers de recherche de trajet enregistrés.
2025-05-17 14:54:42,062 - __main__ - INFO - Démarrage du bot...
2025-05-17 14:54:42,062 - asyncio - DEBUG - Using selector: KqueueSelector
2025-05-17 14:54:42,063 - telegram.ext.ExtBot - DEBUG - Entering: get_me
2025-05-17 14:54:42,067 - httpcore.connection - DEBUG - connect_tcp.started host='api.telegram.org' port=443 local_address=None timeout=5.0 socket_options=None
2025-05-17 14:54:42,096 - httpcore.connection - DEBUG - connect_tcp.complete return_value=<httpcore._backends.anyio.AnyIOStream object at 0x10c930390>
2025-05-17 14:54:42,096 - httpcore.connection - DEBUG - start_tls.started ssl_context=<ssl.SSLContext object at 0x10c92c290> server_hostname='api.telegram.org' timeout=5.0
2025-05-17 14:54:42,119 - httpcore.connection - DEBUG - start_tls.complete return_value=<httpcore._backends.anyio.AnyIOStream object at 0x10c922090>
2025-05-17 14:54:42,119 - httpcore.http11 - DEBUG - send_request_headers.started request=<Request [b'POST']>
2025-05-17 14:54:42,120 - httpcore.http11 - DEBUG - send_request_headers.complete
2025-05-17 14:54:42,120 - httpcore.http11 - DEBUG - send_request_body.started request=<Request [b'POST']>
2025-05-17 14:54:42,120 - httpcore.http11 - DEBUG - send_request_body.complete
2025-05-17 14:54:42,120 - httpcore.http11 - DEBUG - receive_response_headers.started request=<Request [b'POST']>
2025-05-17 14:54:42,144 - httpcore.http11 - DEBUG - receive_response_headers.complete return_value=(b'HTTP/1.1', 200, b'OK', [(b'Server', b'nginx/1.18.0'), (b'Date', b'Sat, 17 May 2025 12:54:42 GMT'), (b'Content-Type', b'application/json'), (b'Content-Length', b'267'), (b'Connection', b'keep-alive'), (b'Strict-Transport-Security', b'max-age=31536000; includeSubDomains; preload'), (b'Access-Control-Allow-Origin', b'*'), (b'Access-Control-Allow-Methods', b'GET, POST, OPTIONS'), (b'Access-Control-Expose-Headers', b'Content-Length,Content-Type,Date,Server,Connection')])
2025-05-17 14:54:42,145 - httpx - INFO - HTTP Request: POST https://api.telegram.org/bot8098409872:AAE4b_x-mQ6MBS_oXoyiMWJtWDPhdHWgf3M/getMe "HTTP/1.1 200 OK"
2025-05-17 14:54:42,145 - httpcore.http11 - DEBUG - receive_response_body.started request=<Request [b'POST']>
2025-05-17 14:54:42,145 - httpcore.http11 - DEBUG - receive_response_body.complete
2025-05-17 14:54:42,145 - httpcore.http11 - DEBUG - response_closed.started
2025-05-17 14:54:42,145 - httpcore.http11 - DEBUG - response_closed.complete
2025-05-17 14:54:42,146 - telegram.ext.ExtBot - DEBUG - User(api_kwargs={'can_connect_to_business': False, 'has_main_web_app': False}, can_join_groups=True, can_read_all_group_messages=False, first_name='CovoiturageSuisse', id=8098409872, is_bot=True, supports_inline_queries=False, username='CovoiturageSuissebot')
2025-05-17 14:54:42,146 - telegram.ext.ExtBot - DEBUG - Exiting: get_me
2025-05-17 14:54:42,146 - telegram.ext.ExtBot - DEBUG - This Bot is already initialized.
2025-05-17 14:54:42,147 - telegram.ext.Updater - DEBUG - Updater started (polling)
2025-05-17 14:54:42,147 - telegram.ext.Updater - DEBUG - Start network loop retry bootstrap del webhook
2025-05-17 14:54:42,147 - telegram.ext.Updater - DEBUG - Deleting webhook
2025-05-17 14:54:42,147 - telegram.ext.Updater - DEBUG - Dropping pending updates from Telegram server
2025-05-17 14:54:42,147 - telegram.ext.ExtBot - DEBUG - Entering: delete_webhook
2025-05-17 14:54:42,148 - httpcore.http11 - DEBUG - send_request_headers.started request=<Request [b'POST']>
2025-05-17 14:54:42,148 - httpcore.http11 - DEBUG - send_request_headers.complete
2025-05-17 14:54:42,148 - httpcore.http11 - DEBUG - send_request_body.started request=<Request [b'POST']>
2025-05-17 14:54:42,149 - httpcore.http11 - DEBUG - send_request_body.complete
2025-05-17 14:54:42,149 - httpcore.http11 - DEBUG - receive_response_headers.started request=<Request [b'POST']>
2025-05-17 14:54:42,168 - httpcore.http11 - DEBUG - receive_response_headers.complete return_value=(b'HTTP/1.1', 200, b'OK', [(b'Server', b'nginx/1.18.0'), (b'Date', b'Sat, 17 May 2025 12:54:42 GMT'), (b'Content-Type', b'application/json'), (b'Content-Length', b'68'), (b'Connection', b'keep-alive'), (b'Strict-Transport-Security', b'max-age=31536000; includeSubDomains; preload'), (b'Access-Control-Allow-Origin', b'*'), (b'Access-Control-Allow-Methods', b'GET, POST, OPTIONS'), (b'Access-Control-Expose-Headers', b'Content-Length,Content-Type,Date,Server,Connection')])
2025-05-17 14:54:42,168 - httpx - INFO - HTTP Request: POST https://api.telegram.org/bot8098409872:AAE4b_x-mQ6MBS_oXoyiMWJtWDPhdHWgf3M/deleteWebhook "HTTP/1.1 200 OK"
2025-05-17 14:54:42,168 - httpcore.http11 - DEBUG - receive_response_body.started request=<Request [b'POST']>
2025-05-17 14:54:42,168 - httpcore.http11 - DEBUG - receive_response_body.complete
2025-05-17 14:54:42,169 - httpcore.http11 - DEBUG - response_closed.started
2025-05-17 14:54:42,169 - httpcore.http11 - DEBUG - response_closed.complete
2025-05-17 14:54:42,169 - telegram.ext.ExtBot - DEBUG - True
2025-05-17 14:54:42,169 - telegram.ext.ExtBot - DEBUG - Exiting: delete_webhook
2025-05-17 14:54:42,169 - telegram.ext.Updater - DEBUG - Bootstrap done
2025-05-17 14:54:42,169 - telegram.ext.Updater - DEBUG - Waiting for polling to start
2025-05-17 14:54:42,169 - telegram.ext.Updater - DEBUG - Polling updates from Telegram started
2025-05-17 14:54:42,169 - telegram.ext.Updater - DEBUG - Start network loop retry getting Updates
2025-05-17 14:54:42,169 - telegram.ext.ExtBot - DEBUG - Entering: get_updates
2025-05-17 14:54:42,170 - httpcore.connection - DEBUG - connect_tcp.started host='api.telegram.org' port=443 local_address=None timeout=5.0 socket_options=None
2025-05-17 14:54:42,170 - telegram.ext.Application - DEBUG - Loop for updating persistence started
2025-05-17 14:54:42,170 - telegram.ext.Application - INFO - Application started
2025-05-17 14:54:42,190 - httpcore.connection - DEBUG - connect_tcp.complete return_value=<httpcore._backends.anyio.AnyIOStream object at 0x10c93e210>
2025-05-17 14:54:42,190 - httpcore.connection - DEBUG - start_tls.started ssl_context=<ssl.SSLContext object at 0x10c92cef0> server_hostname='api.telegram.org' timeout=5.0
2025-05-17 14:54:42,212 - httpcore.connection - DEBUG - start_tls.complete return_value=<httpcore._backends.anyio.AnyIOStream object at 0x10c945450>
2025-05-17 14:54:42,213 - httpcore.http11 - DEBUG - send_request_headers.started request=<Request [b'POST']>
2025-05-17 14:54:42,213 - httpcore.http11 - DEBUG - send_request_headers.complete
2025-05-17 14:54:42,213 - httpcore.http11 - DEBUG - send_request_body.started request=<Request [b'POST']>
2025-05-17 14:54:42,213 - httpcore.http11 - DEBUG - send_request_body.complete
2025-05-17 14:54:42,213 - httpcore.http11 - DEBUG - receive_response_headers.started request=<Request [b'POST']>
2025-05-17 14:54:49,369 - httpcore.http11 - DEBUG - receive_response_headers.complete return_value=(b'HTTP/1.1', 200, b'OK', [(b'Server', b'nginx/1.18.0'), (b'Date', b'Sat, 17 May 2025 12:54:49 GMT'), (b'Content-Type', b'application/json'), (b'Content-Length', b'402'), (b'Connection', b'keep-alive'), (b'Strict-Transport-Security', b'max-age=31536000; includeSubDomains; preload'), (b'Access-Control-Allow-Origin', b'*'), (b'Access-Control-Allow-Methods', b'GET, POST, OPTIONS'), (b'Access-Control-Expose-Headers', b'Content-Length,Content-Type,Date,Server,Connection')])
2025-05-17 14:54:49,369 - httpx - INFO - HTTP Request: POST https://api.telegram.org/bot8098409872:AAE4b_x-mQ6MBS_oXoyiMWJtWDPhdHWgf3M/getUpdates "HTTP/1.1 200 OK"
2025-05-17 14:54:49,369 - httpcore.http11 - DEBUG - receive_response_body.started request=<Request [b'POST']>
2025-05-17 14:54:49,369 - httpcore.http11 - DEBUG - receive_response_body.complete
2025-05-17 14:54:49,369 - httpcore.http11 - DEBUG - response_closed.started
2025-05-17 14:54:49,370 - httpcore.http11 - DEBUG - response_closed.complete
2025-05-17 14:54:49,370 - telegram.ext.ExtBot - DEBUG - Getting updates: [425922719]
2025-05-17 14:54:49,370 - telegram.ext.ExtBot - DEBUG - (Update(message=Message(channel_chat_created=False, chat=Chat(first_name='Nox', id=5932296330, last_name='Hook', type=<ChatType.PRIVATE>, username='Lilith66store'), date=datetime.datetime(2025, 5, 17, 12, 54, 49, tzinfo=<UTC>), delete_chat_photo=False, entities=(MessageEntity(length=6, offset=0, type=<MessageEntityType.BOT_COMMAND>),), from_user=User(first_name='Nox', id=5932296330, is_bot=False, language_code='fr', last_name='Hook', username='Lilith66store'), group_chat_created=False, message_id=1569, supergroup_chat_created=False, text='/start'), update_id=425922719),)
2025-05-17 14:54:49,371 - telegram.ext.ExtBot - DEBUG - Exiting: get_updates
2025-05-17 14:54:49,371 - telegram.ext.ExtBot - DEBUG - Entering: get_updates
2025-05-17 14:54:49,371 - telegram.ext.Application - DEBUG - Processing update Update(message=Message(channel_chat_created=False, chat=Chat(first_name='Nox', id=5932296330, last_name='Hook', type=<ChatType.PRIVATE>, username='Lilith66store'), date=datetime.datetime(2025, 5, 17, 12, 54, 49, tzinfo=<UTC>), delete_chat_photo=False, entities=(MessageEntity(length=6, offset=0, type=<MessageEntityType.BOT_COMMAND>),), from_user=User(first_name='Nox', id=5932296330, is_bot=False, language_code='fr', last_name='Hook', username='Lilith66store'), group_chat_created=False, message_id=1569, supergroup_chat_created=False, text='/start'), update_id=425922719)
/Users/margaux/CovoiturageSuisse/handlers/menu_handlers.py:140: SAWarning: relationship 'Booking.trip' will copy column trips.id to column bookings.trip_id, which conflicts with relationship(s): 'Trip.bookings' (copies trips.id to bookings.trip_id). If this is not the intention, consider if these relationships should be linked with back_populates, or if viewonly=True should be applied to one or more if they are read-only. For the less common case that foreign key constraints are partially overlapping, the orm.foreign() annotation can be used to isolate the columns that should be written towards.   To silence this warning, add the parameter 'overlaps="bookings"' to the 'Booking.trip' relationship. (Background on this warning at: https://sqlalche.me/e/20/qzyx) (This warning originated from the `configure_mappers()` process, which was invoked automatically in response to a user-initiated operation.)
  user = db.query(User).filter(User.telegram_id == user_id).first()
2025-05-17 14:54:49,387 - telegram.ext.ExtBot - DEBUG - Entering: send_message
2025-05-17 14:54:49,388 - httpcore.connection - DEBUG - close.started
2025-05-17 14:54:49,388 - httpcore.connection - DEBUG - close.complete
2025-05-17 14:54:49,388 - httpcore.http11 - DEBUG - send_request_headers.started request=<Request [b'POST']>
2025-05-17 14:54:49,388 - httpcore.connection - DEBUG - connect_tcp.started host='api.telegram.org' port=443 local_address=None timeout=5.0 socket_options=None
2025-05-17 14:54:49,389 - httpcore.http11 - DEBUG - send_request_headers.complete
2025-05-17 14:54:49,389 - httpcore.http11 - DEBUG - send_request_body.started request=<Request [b'POST']>
2025-05-17 14:54:49,389 - httpcore.http11 - DEBUG - send_request_body.complete
2025-05-17 14:54:49,389 - httpcore.http11 - DEBUG - receive_response_headers.started request=<Request [b'POST']>
2025-05-17 14:54:49,409 - httpcore.connection - DEBUG - connect_tcp.complete return_value=<httpcore._backends.anyio.AnyIOStream object at 0x10ca7cc50>
2025-05-17 14:54:49,409 - httpcore.connection - DEBUG - start_tls.started ssl_context=<ssl.SSLContext object at 0x10c92c290> server_hostname='api.telegram.org' timeout=5.0
2025-05-17 14:54:49,430 - httpcore.connection - DEBUG - start_tls.complete return_value=<httpcore._backends.anyio.AnyIOStream object at 0x10c94d5d0>
2025-05-17 14:54:49,430 - httpcore.http11 - DEBUG - send_request_headers.started request=<Request [b'POST']>
2025-05-17 14:54:49,430 - httpcore.http11 - DEBUG - send_request_headers.complete
2025-05-17 14:54:49,430 - httpcore.http11 - DEBUG - send_request_body.started request=<Request [b'POST']>
2025-05-17 14:54:49,431 - httpcore.http11 - DEBUG - send_request_body.complete
2025-05-17 14:54:49,431 - httpcore.http11 - DEBUG - receive_response_headers.started request=<Request [b'POST']>
2025-05-17 14:54:49,479 - httpcore.http11 - DEBUG - receive_response_headers.complete return_value=(b'HTTP/1.1', 200, b'OK', [(b'Server', b'nginx/1.18.0'), (b'Date', b'Sat, 17 May 2025 12:54:49 GMT'), (b'Content-Type', b'application/json'), (b'Content-Length', b'886'), (b'Connection', b'keep-alive'), (b'Strict-Transport-Security', b'max-age=31536000; includeSubDomains; preload'), (b'Access-Control-Allow-Origin', b'*'), (b'Access-Control-Allow-Methods', b'GET, POST, OPTIONS'), (b'Access-Control-Expose-Headers', b'Content-Length,Content-Type,Date,Server,Connection')])
2025-05-17 14:54:49,480 - httpx - INFO - HTTP Request: POST https://api.telegram.org/bot8098409872:AAE4b_x-mQ6MBS_oXoyiMWJtWDPhdHWgf3M/sendMessage "HTTP/1.1 200 OK"
2025-05-17 14:54:49,480 - httpcore.http11 - DEBUG - receive_response_body.started request=<Request [b'POST']>
2025-05-17 14:54:49,480 - httpcore.http11 - DEBUG - receive_response_body.complete
2025-05-17 14:54:49,480 - httpcore.http11 - DEBUG - response_closed.started
2025-05-17 14:54:49,481 - httpcore.http11 - DEBUG - response_closed.complete
2025-05-17 14:54:49,481 - telegram.ext.ExtBot - DEBUG - Message(channel_chat_created=False, chat=Chat(first_name='Nox', id=5932296330, last_name='Hook', type=<ChatType.PRIVATE>, username='Lilith66store'), date=datetime.datetime(2025, 5, 17, 12, 54, 49, tzinfo=<UTC>), delete_chat_photo=False, from_user=User(first_name='CovoiturageSuisse', id=8098409872, is_bot=True, username='CovoiturageSuissebot'), group_chat_created=False, message_id=1570, reply_markup=InlineKeyboardMarkup(inline_keyboard=((InlineKeyboardButton(callback_data='trip_type:driver', text='🚗 Conducteur'), InlineKeyboardButton(callback_data='trip_type:passenger', text='🧍 Passager')), (InlineKeyboardButton(callback_data='search_trip', text='🔍 Chercher un trajet'), InlineKeyboardButton(callback_data='my_trips', text='📋 Mes trajets')), (InlineKeyboardButton(callback_data='public:driver_trips', text='👀 Voir tous les trajets disponibles'),), (InlineKeyboardButton(callback_data='profile', text='👤 Mon profil'), InlineKeyboardButton(callback_data='help_guide', text='❓ Aide')))), supergroup_chat_created=False, text='👋 Bienvenue sur CovoiturageSuisse!\n\nQue souhaitez-vous faire?')
2025-05-17 14:54:49,482 - telegram.ext.ExtBot - DEBUG - Exiting: send_message
2025-05-17 14:54:52,969 - httpcore.http11 - DEBUG - receive_response_headers.complete return_value=(b'HTTP/1.1', 200, b'OK', [(b'Server', b'nginx/1.18.0'), (b'Date', b'Sat, 17 May 2025 12:54:52 GMT'), (b'Content-Type', b'application/json'), (b'Content-Length', b'1163'), (b'Connection', b'keep-alive'), (b'Strict-Transport-Security', b'max-age=31536000; includeSubDomains; preload'), (b'Access-Control-Allow-Origin', b'*'), (b'Access-Control-Allow-Methods', b'GET, POST, OPTIONS'), (b'Access-Control-Expose-Headers', b'Content-Length,Content-Type,Date,Server,Connection')])
2025-05-17 14:54:52,969 - httpx - INFO - HTTP Request: POST https://api.telegram.org/bot8098409872:AAE4b_x-mQ6MBS_oXoyiMWJtWDPhdHWgf3M/getUpdates "HTTP/1.1 200 OK"
2025-05-17 14:54:52,969 - httpcore.http11 - DEBUG - receive_response_body.started request=<Request [b'POST']>
2025-05-17 14:54:52,970 - httpcore.http11 - DEBUG - receive_response_body.complete
2025-05-17 14:54:52,970 - httpcore.http11 - DEBUG - response_closed.started
2025-05-17 14:54:52,970 - httpcore.http11 - DEBUG - response_closed.complete
2025-05-17 14:54:52,970 - telegram.ext.ExtBot - DEBUG - Getting updates: [425922720]
2025-05-17 14:54:52,970 - telegram.ext.ExtBot - DEBUG - (Update(callback_query=CallbackQuery(chat_instance='-6557449970963189547', data='public:driver_trips', from_user=User(first_name='Nox', id=5932296330, is_bot=False, language_code='fr', last_name='Hook', username='Lilith66store'), id='7032274654744207398', message=Message(channel_chat_created=False, chat=Chat(first_name='Nox', id=5932296330, last_name='Hook', type=<ChatType.PRIVATE>, username='Lilith66store'), date=datetime.datetime(2025, 5, 17, 12, 54, 49, tzinfo=<UTC>), delete_chat_photo=False, from_user=User(first_name='CovoiturageSuisse', id=8098409872, is_bot=True, username='CovoiturageSuissebot'), group_chat_created=False, message_id=1570, reply_markup=InlineKeyboardMarkup(inline_keyboard=((InlineKeyboardButton(callback_data='trip_type:driver', text='🚗 Conducteur'), InlineKeyboardButton(callback_data='trip_type:passenger', text='🧍 Passager')), (InlineKeyboardButton(callback_data='search_trip', text='🔍 Chercher un trajet'), InlineKeyboardButton(callback_data='my_trips', text='📋 Mes trajets')), (InlineKeyboardButton(callback_data='public:driver_trips', text='👀 Voir tous les trajets disponibles'),), (InlineKeyboardButton(callback_data='profile', text='👤 Mon profil'), InlineKeyboardButton(callback_data='help_guide', text='❓ Aide')))), supergroup_chat_created=False, text='👋 Bienvenue sur CovoiturageSuisse!\n\nQue souhaitez-vous faire?')), update_id=425922720),)
2025-05-17 14:54:52,971 - telegram.ext.ExtBot - DEBUG - Exiting: get_updates
2025-05-17 14:54:52,971 - telegram.ext.ExtBot - DEBUG - Entering: get_updates
2025-05-17 14:54:52,971 - telegram.ext.Application - DEBUG - Processing update Update(callback_query=CallbackQuery(chat_instance='-6557449970963189547', data='public:driver_trips', from_user=User(first_name='Nox', id=5932296330, is_bot=False, language_code='fr', last_name='Hook', username='Lilith66store'), id='7032274654744207398', message=Message(channel_chat_created=False, chat=Chat(first_name='Nox', id=5932296330, last_name='Hook', type=<ChatType.PRIVATE>, username='Lilith66store'), date=datetime.datetime(2025, 5, 17, 12, 54, 49, tzinfo=<UTC>), delete_chat_photo=False, from_user=User(first_name='CovoiturageSuisse', id=8098409872, is_bot=True, username='CovoiturageSuissebot'), group_chat_created=False, message_id=1570, reply_markup=InlineKeyboardMarkup(inline_keyboard=((InlineKeyboardButton(callback_data='trip_type:driver', text='🚗 Conducteur'), InlineKeyboardButton(callback_data='trip_type:passenger', text='🧍 Passager')), (InlineKeyboardButton(callback_data='search_trip', text='🔍 Chercher un trajet'), InlineKeyboardButton(callback_data='my_trips', text='📋 Mes trajets')), (InlineKeyboardButton(callback_data='public:driver_trips', text='👀 Voir tous les trajets disponibles'),), (InlineKeyboardButton(callback_data='profile', text='👤 Mon profil'), InlineKeyboardButton(callback_data='help_guide', text='❓ Aide')))), supergroup_chat_created=False, text='👋 Bienvenue sur CovoiturageSuisse!\n\nQue souhaitez-vous faire?')), update_id=425922720)
2025-05-17 14:54:52,971 - telegram.ext.ConversationHandler - DEBUG - Selecting conversation (5932296330, 5932296330) with state None
2025-05-17 14:54:52,971 - telegram.ext.ConversationHandler - DEBUG - Selecting conversation (5932296330, 5932296330) with state None
2025-05-17 14:54:52,972 - telegram.ext.ConversationHandler - DEBUG - Selecting conversation (5932296330, 5932296330) with state None
2025-05-17 14:54:52,972 - telegram.ext.ConversationHandler - DEBUG - Selecting conversation (5932296330, 5932296330) with state None
2025-05-17 14:54:52,972 - telegram.ext.ConversationHandler - DEBUG - Selecting conversation (5932296330, 5932296330) with state None
2025-05-17 14:54:52,972 - httpcore.http11 - DEBUG - send_request_headers.started request=<Request [b'POST']>
2025-05-17 14:54:52,972 - httpcore.http11 - DEBUG - send_request_headers.complete
2025-05-17 14:54:52,972 - httpcore.http11 - DEBUG - send_request_body.started request=<Request [b'POST']>
2025-05-17 14:54:52,972 - httpcore.http11 - DEBUG - send_request_body.complete
2025-05-17 14:54:52,972 - httpcore.http11 - DEBUG - receive_response_headers.started request=<Request [b'POST']>
2025-05-17 14:54:55,421 - httpcore.http11 - DEBUG - receive_response_headers.complete return_value=(b'HTTP/1.1', 200, b'OK', [(b'Server', b'nginx/1.18.0'), (b'Date', b'Sat, 17 May 2025 12:54:55 GMT'), (b'Content-Type', b'application/json'), (b'Content-Length', b'402'), (b'Connection', b'keep-alive'), (b'Strict-Transport-Security', b'max-age=31536000; includeSubDomains; preload'), (b'Access-Control-Allow-Origin', b'*'), (b'Access-Control-Allow-Methods', b'GET, POST, OPTIONS'), (b'Access-Control-Expose-Headers', b'Content-Length,Content-Type,Date,Server,Connection')])
2025-05-17 14:54:55,422 - httpx - INFO - HTTP Request: POST https://api.telegram.org/bot8098409872:AAE4b_x-mQ6MBS_oXoyiMWJtWDPhdHWgf3M/getUpdates "HTTP/1.1 200 OK"
2025-05-17 14:54:55,422 - httpcore.http11 - DEBUG - receive_response_body.started request=<Request [b'POST']>
2025-05-17 14:54:55,422 - httpcore.http11 - DEBUG - receive_response_body.complete
2025-05-17 14:54:55,422 - httpcore.http11 - DEBUG - response_closed.started
2025-05-17 14:54:55,422 - httpcore.http11 - DEBUG - response_closed.complete
2025-05-17 14:54:55,422 - telegram.ext.ExtBot - DEBUG - Getting updates: [425922721]
2025-05-17 14:54:55,422 - telegram.ext.ExtBot - DEBUG - (Update(message=Message(channel_chat_created=False, chat=Chat(first_name='Nox', id=5932296330, last_name='Hook', type=<ChatType.PRIVATE>, username='Lilith66store'), date=datetime.datetime(2025, 5, 17, 12, 54, 55, tzinfo=<UTC>), delete_chat_photo=False, entities=(MessageEntity(length=6, offset=0, type=<MessageEntityType.BOT_COMMAND>),), from_user=User(first_name='Nox', id=5932296330, is_bot=False, language_code='fr', last_name='Hook', username='Lilith66store'), group_chat_created=False, message_id=1571, supergroup_chat_created=False, text='/creer'), update_id=425922721),)
2025-05-17 14:54:55,423 - telegram.ext.ExtBot - DEBUG - Exiting: get_updates
2025-05-17 14:54:55,423 - telegram.ext.ExtBot - DEBUG - Entering: get_updates
2025-05-17 14:54:55,423 - telegram.ext.Application - DEBUG - Processing update Update(message=Message(channel_chat_created=False, chat=Chat(first_name='Nox', id=5932296330, last_name='Hook', type=<ChatType.PRIVATE>, username='Lilith66store'), date=datetime.datetime(2025, 5, 17, 12, 54, 55, tzinfo=<UTC>), delete_chat_photo=False, entities=(MessageEntity(length=6, offset=0, type=<MessageEntityType.BOT_COMMAND>),), from_user=User(first_name='Nox', id=5932296330, is_bot=False, language_code='fr', last_name='Hook', username='Lilith66store'), group_chat_created=False, message_id=1571, supergroup_chat_created=False, text='/creer'), update_id=425922721)
2025-05-17 14:54:55,423 - __main__ - DEBUG - 🔍 DEBUG: Commande /creer appelée, utilisation du nouveau handler de création de trajet
2025-05-17 14:54:55,423 - handlers.create_trip_handler - INFO - Mode réglé sur 'create' dans start_create_trip
2025-05-17 14:54:55,423 - telegram.ext.ExtBot - DEBUG - Entering: send_message
2025-05-17 14:54:55,424 - httpcore.connection - DEBUG - close.started
2025-05-17 14:54:55,424 - httpcore.connection - DEBUG - close.complete
2025-05-17 14:54:55,424 - httpcore.http11 - DEBUG - send_request_headers.started request=<Request [b'POST']>
2025-05-17 14:54:55,424 - httpcore.connection - DEBUG - connect_tcp.started host='api.telegram.org' port=443 local_address=None timeout=5.0 socket_options=None
2025-05-17 14:54:55,424 - httpcore.http11 - DEBUG - send_request_headers.complete
2025-05-17 14:54:55,424 - httpcore.http11 - DEBUG - send_request_body.started request=<Request [b'POST']>
2025-05-17 14:54:55,424 - httpcore.http11 - DEBUG - send_request_body.complete
2025-05-17 14:54:55,425 - httpcore.http11 - DEBUG - receive_response_headers.started request=<Request [b'POST']>
2025-05-17 14:54:55,445 - httpcore.connection - DEBUG - connect_tcp.complete return_value=<httpcore._backends.anyio.AnyIOStream object at 0x10ca85a10>
2025-05-17 14:54:55,446 - httpcore.connection - DEBUG - start_tls.started ssl_context=<ssl.SSLContext object at 0x10c92c290> server_hostname='api.telegram.org' timeout=5.0
2025-05-17 14:54:55,467 - httpcore.connection - DEBUG - start_tls.complete return_value=<httpcore._backends.anyio.AnyIOStream object at 0x10ca85290>
2025-05-17 14:54:55,467 - httpcore.http11 - DEBUG - send_request_headers.started request=<Request [b'POST']>
2025-05-17 14:54:55,468 - httpcore.http11 - DEBUG - send_request_headers.complete
2025-05-17 14:54:55,468 - httpcore.http11 - DEBUG - send_request_body.started request=<Request [b'POST']>
2025-05-17 14:54:55,468 - httpcore.http11 - DEBUG - send_request_body.complete
2025-05-17 14:54:55,468 - httpcore.http11 - DEBUG - receive_response_headers.started request=<Request [b'POST']>
2025-05-17 14:54:55,508 - httpcore.http11 - DEBUG - receive_response_headers.complete return_value=(b'HTTP/1.1', 200, b'OK', [(b'Server', b'nginx/1.18.0'), (b'Date', b'Sat, 17 May 2025 12:54:55 GMT'), (b'Content-Type', b'application/json'), (b'Content-Length', b'692'), (b'Connection', b'keep-alive'), (b'Strict-Transport-Security', b'max-age=31536000; includeSubDomains; preload'), (b'Access-Control-Allow-Origin', b'*'), (b'Access-Control-Allow-Methods', b'GET, POST, OPTIONS'), (b'Access-Control-Expose-Headers', b'Content-Length,Content-Type,Date,Server,Connection')])
2025-05-17 14:54:55,509 - httpx - INFO - HTTP Request: POST https://api.telegram.org/bot8098409872:AAE4b_x-mQ6MBS_oXoyiMWJtWDPhdHWgf3M/sendMessage "HTTP/1.1 200 OK"
2025-05-17 14:54:55,509 - httpcore.http11 - DEBUG - receive_response_body.started request=<Request [b'POST']>
2025-05-17 14:54:55,509 - httpcore.http11 - DEBUG - receive_response_body.complete
2025-05-17 14:54:55,509 - httpcore.http11 - DEBUG - response_closed.started
2025-05-17 14:54:55,509 - httpcore.http11 - DEBUG - response_closed.complete
2025-05-17 14:54:55,509 - telegram.ext.ExtBot - DEBUG - Message(channel_chat_created=False, chat=Chat(first_name='Nox', id=5932296330, last_name='Hook', type=<ChatType.PRIVATE>, username='Lilith66store'), date=datetime.datetime(2025, 5, 17, 12, 54, 55, tzinfo=<UTC>), delete_chat_photo=False, entities=(MessageEntity(length=28, offset=3, type=<MessageEntityType.BOLD>),), from_user=User(first_name='CovoiturageSuisse', id=8098409872, is_bot=True, username='CovoiturageSuissebot'), group_chat_created=False, message_id=1572, reply_markup=InlineKeyboardMarkup(inline_keyboard=((InlineKeyboardButton(callback_data='trip_type:driver', text='🚗 Conducteur'), InlineKeyboardButton(callback_data='trip_type:passenger', text='🧍 Passager')), (InlineKeyboardButton(callback_data='create_cancel', text='❌ Annuler'),))), supergroup_chat_created=False, text="🚗 Création d'un nouveau trajet\n\nÉtape 1️⃣ - Choisissez votre rôle pour ce trajet:")
2025-05-17 14:54:55,510 - telegram.ext.ExtBot - DEBUG - Exiting: send_message
2025-05-17 14:54:56,475 - httpcore.http11 - DEBUG - receive_response_headers.complete return_value=(b'HTTP/1.1', 200, b'OK', [(b'Server', b'nginx/1.18.0'), (b'Date', b'Sat, 17 May 2025 12:54:56 GMT'), (b'Content-Type', b'application/json'), (b'Content-Length', b'966'), (b'Connection', b'keep-alive'), (b'Strict-Transport-Security', b'max-age=31536000; includeSubDomains; preload'), (b'Access-Control-Allow-Origin', b'*'), (b'Access-Control-Allow-Methods', b'GET, POST, OPTIONS'), (b'Access-Control-Expose-Headers', b'Content-Length,Content-Type,Date,Server,Connection')])
2025-05-17 14:54:56,475 - httpx - INFO - HTTP Request: POST https://api.telegram.org/bot8098409872:AAE4b_x-mQ6MBS_oXoyiMWJtWDPhdHWgf3M/getUpdates "HTTP/1.1 200 OK"
2025-05-17 14:54:56,476 - httpcore.http11 - DEBUG - receive_response_body.started request=<Request [b'POST']>
2025-05-17 14:54:56,476 - httpcore.http11 - DEBUG - receive_response_body.complete
2025-05-17 14:54:56,476 - httpcore.http11 - DEBUG - response_closed.started
2025-05-17 14:54:56,476 - httpcore.http11 - DEBUG - response_closed.complete
2025-05-17 14:54:56,476 - telegram.ext.ExtBot - DEBUG - Getting updates: [425922722]
2025-05-17 14:54:56,477 - telegram.ext.ExtBot - DEBUG - (Update(callback_query=CallbackQuery(chat_instance='-6557449970963189547', data='trip_type:driver', from_user=User(first_name='Nox', id=5932296330, is_bot=False, language_code='fr', last_name='Hook', username='Lilith66store'), id='7032274656144666776', message=Message(channel_chat_created=False, chat=Chat(first_name='Nox', id=5932296330, last_name='Hook', type=<ChatType.PRIVATE>, username='Lilith66store'), date=datetime.datetime(2025, 5, 17, 12, 54, 55, tzinfo=<UTC>), delete_chat_photo=False, entities=(MessageEntity(length=28, offset=3, type=<MessageEntityType.BOLD>),), from_user=User(first_name='CovoiturageSuisse', id=8098409872, is_bot=True, username='CovoiturageSuissebot'), group_chat_created=False, message_id=1572, reply_markup=InlineKeyboardMarkup(inline_keyboard=((InlineKeyboardButton(callback_data='trip_type:driver', text='🚗 Conducteur'), InlineKeyboardButton(callback_data='trip_type:passenger', text='🧍 Passager')), (InlineKeyboardButton(callback_data='create_cancel', text='❌ Annuler'),))), supergroup_chat_created=False, text="🚗 Création d'un nouveau trajet\n\nÉtape 1️⃣ - Choisissez votre rôle pour ce trajet:")), update_id=425922722),)
2025-05-17 14:54:56,477 - telegram.ext.ExtBot - DEBUG - Exiting: get_updates
2025-05-17 14:54:56,477 - telegram.ext.ExtBot - DEBUG - Entering: get_updates
2025-05-17 14:54:56,478 - telegram.ext.Application - DEBUG - Processing update Update(callback_query=CallbackQuery(chat_instance='-6557449970963189547', data='trip_type:driver', from_user=User(first_name='Nox', id=5932296330, is_bot=False, language_code='fr', last_name='Hook', username='Lilith66store'), id='7032274656144666776', message=Message(channel_chat_created=False, chat=Chat(first_name='Nox', id=5932296330, last_name='Hook', type=<ChatType.PRIVATE>, username='Lilith66store'), date=datetime.datetime(2025, 5, 17, 12, 54, 55, tzinfo=<UTC>), delete_chat_photo=False, entities=(MessageEntity(length=28, offset=3, type=<MessageEntityType.BOLD>),), from_user=User(first_name='CovoiturageSuisse', id=8098409872, is_bot=True, username='CovoiturageSuissebot'), group_chat_created=False, message_id=1572, reply_markup=InlineKeyboardMarkup(inline_keyboard=((InlineKeyboardButton(callback_data='trip_type:driver', text='🚗 Conducteur'), InlineKeyboardButton(callback_data='trip_type:passenger', text='🧍 Passager')), (InlineKeyboardButton(callback_data='create_cancel', text='❌ Annuler'),))), supergroup_chat_created=False, text="🚗 Création d'un nouveau trajet\n\nÉtape 1️⃣ - Choisissez votre rôle pour ce trajet:")), update_id=425922722)
2025-05-17 14:54:56,478 - telegram.ext.ConversationHandler - DEBUG - Selecting conversation (5932296330, 5932296330) with state None
2025-05-17 14:54:56,478 - telegram.ext.ConversationHandler - DEBUG - Selecting conversation (5932296330, 5932296330) with state None
2025-05-17 14:54:56,478 - telegram.ext.ConversationHandler - DEBUG - Selecting conversation (5932296330, 5932296330) with state None
2025-05-17 14:54:56,478 - telegram.ext.ConversationHandler - DEBUG - Selecting conversation (5932296330, 5932296330) with state None
2025-05-17 14:54:56,478 - telegram.ext.ConversationHandler - DEBUG - Selecting conversation (5932296330, 5932296330) with state None
2025-05-17 14:54:56,478 - httpcore.http11 - DEBUG - send_request_headers.started request=<Request [b'POST']>
2025-05-17 14:54:56,479 - httpcore.http11 - DEBUG - send_request_headers.complete
2025-05-17 14:54:56,479 - httpcore.http11 - DEBUG - send_request_body.started request=<Request [b'POST']>
2025-05-17 14:54:56,479 - httpcore.http11 - DEBUG - send_request_body.complete
2025-05-17 14:54:56,479 - httpcore.http11 - DEBUG - receive_response_headers.started request=<Request [b'POST']>
2025-05-17 14:54:56,983 - httpcore.http11 - DEBUG - receive_response_headers.complete return_value=(b'HTTP/1.1', 200, b'OK', [(b'Server', b'nginx/1.18.0'), (b'Date', b'Sat, 17 May 2025 12:54:56 GMT'), (b'Content-Type', b'application/json'), (b'Content-Length', b'966'), (b'Connection', b'keep-alive'), (b'Strict-Transport-Security', b'max-age=31536000; includeSubDomains; preload'), (b'Access-Control-Allow-Origin', b'*'), (b'Access-Control-Allow-Methods', b'GET, POST, OPTIONS'), (b'Access-Control-Expose-Headers', b'Content-Length,Content-Type,Date,Server,Connection')])
2025-05-17 14:54:56,983 - httpx - INFO - HTTP Request: POST https://api.telegram.org/bot8098409872:AAE4b_x-mQ6MBS_oXoyiMWJtWDPhdHWgf3M/getUpdates "HTTP/1.1 200 OK"
2025-05-17 14:54:56,984 - httpcore.http11 - DEBUG - receive_response_body.started request=<Request [b'POST']>
2025-05-17 14:54:56,984 - httpcore.http11 - DEBUG - receive_response_body.complete
2025-05-17 14:54:56,984 - httpcore.http11 - DEBUG - response_closed.started
2025-05-17 14:54:56,984 - httpcore.http11 - DEBUG - response_closed.complete
2025-05-17 14:54:56,984 - telegram.ext.ExtBot - DEBUG - Getting updates: [425922723]
2025-05-17 14:54:56,985 - telegram.ext.ExtBot - DEBUG - (Update(callback_query=CallbackQuery(chat_instance='-6557449970963189547', data='trip_type:driver', from_user=User(first_name='Nox', id=5932296330, is_bot=False, language_code='fr', last_name='Hook', username='Lilith66store'), id='7032274654514524921', message=Message(channel_chat_created=False, chat=Chat(first_name='Nox', id=5932296330, last_name='Hook', type=<ChatType.PRIVATE>, username='Lilith66store'), date=datetime.datetime(2025, 5, 17, 12, 54, 55, tzinfo=<UTC>), delete_chat_photo=False, entities=(MessageEntity(length=28, offset=3, type=<MessageEntityType.BOLD>),), from_user=User(first_name='CovoiturageSuisse', id=8098409872, is_bot=True, username='CovoiturageSuissebot'), group_chat_created=False, message_id=1572, reply_markup=InlineKeyboardMarkup(inline_keyboard=((InlineKeyboardButton(callback_data='trip_type:driver', text='🚗 Conducteur'), InlineKeyboardButton(callback_data='trip_type:passenger', text='🧍 Passager')), (InlineKeyboardButton(callback_data='create_cancel', text='❌ Annuler'),))), supergroup_chat_created=False, text="🚗 Création d'un nouveau trajet\n\nÉtape 1️⃣ - Choisissez votre rôle pour ce trajet:")), update_id=425922723),)
2025-05-17 14:54:56,985 - telegram.ext.ExtBot - DEBUG - Exiting: get_updates
2025-05-17 14:54:56,985 - telegram.ext.ExtBot - DEBUG - Entering: get_updates
2025-05-17 14:54:56,985 - telegram.ext.Application - DEBUG - Processing update Update(callback_query=CallbackQuery(chat_instance='-6557449970963189547', data='trip_type:driver', from_user=User(first_name='Nox', id=5932296330, is_bot=False, language_code='fr', last_name='Hook', username='Lilith66store'), id='7032274654514524921', message=Message(channel_chat_created=False, chat=Chat(first_name='Nox', id=5932296330, last_name='Hook', type=<ChatType.PRIVATE>, username='Lilith66store'), date=datetime.datetime(2025, 5, 17, 12, 54, 55, tzinfo=<UTC>), delete_chat_photo=False, entities=(MessageEntity(length=28, offset=3, type=<MessageEntityType.BOLD>),), from_user=User(first_name='CovoiturageSuisse', id=8098409872, is_bot=True, username='CovoiturageSuissebot'), group_chat_created=False, message_id=1572, reply_markup=InlineKeyboardMarkup(inline_keyboard=((InlineKeyboardButton(callback_data='trip_type:driver', text='🚗 Conducteur'), InlineKeyboardButton(callback_data='trip_type:passenger', text='🧍 Passager')), (InlineKeyboardButton(callback_data='create_cancel', text='❌ Annuler'),))), supergroup_chat_created=False, text="🚗 Création d'un nouveau trajet\n\nÉtape 1️⃣ - Choisissez votre rôle pour ce trajet:")), update_id=425922723)
2025-05-17 14:54:56,986 - telegram.ext.ConversationHandler - DEBUG - Selecting conversation (5932296330, 5932296330) with state None
2025-05-17 14:54:56,986 - telegram.ext.ConversationHandler - DEBUG - Selecting conversation (5932296330, 5932296330) with state None
2025-05-17 14:54:56,986 - telegram.ext.ConversationHandler - DEBUG - Selecting conversation (5932296330, 5932296330) with state None
2025-05-17 14:54:56,986 - telegram.ext.ConversationHandler - DEBUG - Selecting conversation (5932296330, 5932296330) with state None
2025-05-17 14:54:56,986 - telegram.ext.ConversationHandler - DEBUG - Selecting conversation (5932296330, 5932296330) with state None
2025-05-17 14:54:56,986 - httpcore.http11 - DEBUG - send_request_headers.started request=<Request [b'POST']>
2025-05-17 14:54:56,986 - httpcore.http11 - DEBUG - send_request_headers.complete
2025-05-17 14:54:56,986 - httpcore.http11 - DEBUG - send_request_body.started request=<Request [b'POST']>
2025-05-17 14:54:56,987 - httpcore.http11 - DEBUG - send_request_body.complete
2025-05-17 14:54:56,987 - httpcore.http11 - DEBUG - receive_response_headers.started request=<Request [b'POST']>
2025-05-17 14:54:57,159 - httpcore.http11 - DEBUG - receive_response_headers.complete return_value=(b'HTTP/1.1', 200, b'OK', [(b'Server', b'nginx/1.18.0'), (b'Date', b'Sat, 17 May 2025 12:54:57 GMT'), (b'Content-Type', b'application/json'), (b'Content-Length', b'966'), (b'Connection', b'keep-alive'), (b'Strict-Transport-Security', b'max-age=31536000; includeSubDomains; preload'), (b'Access-Control-Allow-Origin', b'*'), (b'Access-Control-Allow-Methods', b'GET, POST, OPTIONS'), (b'Access-Control-Expose-Headers', b'Content-Length,Content-Type,Date,Server,Connection')])
2025-05-17 14:54:57,159 - httpx - INFO - HTTP Request: POST https://api.telegram.org/bot8098409872:AAE4b_x-mQ6MBS_oXoyiMWJtWDPhdHWgf3M/getUpdates "HTTP/1.1 200 OK"
2025-05-17 14:54:57,160 - httpcore.http11 - DEBUG - receive_response_body.started request=<Request [b'POST']>
2025-05-17 14:54:57,160 - httpcore.http11 - DEBUG - receive_response_body.complete
2025-05-17 14:54:57,160 - httpcore.http11 - DEBUG - response_closed.started
2025-05-17 14:54:57,160 - httpcore.http11 - DEBUG - response_closed.complete
2025-05-17 14:54:57,160 - telegram.ext.ExtBot - DEBUG - Getting updates: [425922724]
2025-05-17 14:54:57,161 - telegram.ext.ExtBot - DEBUG - (Update(callback_query=CallbackQuery(chat_instance='-6557449970963189547', data='trip_type:driver', from_user=User(first_name='Nox', id=5932296330, is_bot=False, language_code='fr', last_name='Hook', username='Lilith66store'), id='7032274657195493590', message=Message(channel_chat_created=False, chat=Chat(first_name='Nox', id=5932296330, last_name='Hook', type=<ChatType.PRIVATE>, username='Lilith66store'), date=datetime.datetime(2025, 5, 17, 12, 54, 55, tzinfo=<UTC>), delete_chat_photo=False, entities=(MessageEntity(length=28, offset=3, type=<MessageEntityType.BOLD>),), from_user=User(first_name='CovoiturageSuisse', id=8098409872, is_bot=True, username='CovoiturageSuissebot'), group_chat_created=False, message_id=1572, reply_markup=InlineKeyboardMarkup(inline_keyboard=((InlineKeyboardButton(callback_data='trip_type:driver', text='🚗 Conducteur'), InlineKeyboardButton(callback_data='trip_type:passenger', text='🧍 Passager')), (InlineKeyboardButton(callback_data='create_cancel', text='❌ Annuler'),))), supergroup_chat_created=False, text="🚗 Création d'un nouveau trajet\n\nÉtape 1️⃣ - Choisissez votre rôle pour ce trajet:")), update_id=425922724),)
2025-05-17 14:54:57,161 - telegram.ext.ExtBot - DEBUG - Exiting: get_updates
2025-05-17 14:54:57,161 - telegram.ext.ExtBot - DEBUG - Entering: get_updates
2025-05-17 14:54:57,162 - telegram.ext.Application - DEBUG - Processing update Update(callback_query=CallbackQuery(chat_instance='-6557449970963189547', data='trip_type:driver', from_user=User(first_name='Nox', id=5932296330, is_bot=False, language_code='fr', last_name='Hook', username='Lilith66store'), id='7032274657195493590', message=Message(channel_chat_created=False, chat=Chat(first_name='Nox', id=5932296330, last_name='Hook', type=<ChatType.PRIVATE>, username='Lilith66store'), date=datetime.datetime(2025, 5, 17, 12, 54, 55, tzinfo=<UTC>), delete_chat_photo=False, entities=(MessageEntity(length=28, offset=3, type=<MessageEntityType.BOLD>),), from_user=User(first_name='CovoiturageSuisse', id=8098409872, is_bot=True, username='CovoiturageSuissebot'), group_chat_created=False, message_id=1572, reply_markup=InlineKeyboardMarkup(inline_keyboard=((InlineKeyboardButton(callback_data='trip_type:driver', text='🚗 Conducteur'), InlineKeyboardButton(callback_data='trip_type:passenger', text='🧍 Passager')), (InlineKeyboardButton(callback_data='create_cancel', text='❌ Annuler'),))), supergroup_chat_created=False, text="🚗 Création d'un nouveau trajet\n\nÉtape 1️⃣ - Choisissez votre rôle pour ce trajet:")), update_id=425922724)
2025-05-17 14:54:57,162 - telegram.ext.ConversationHandler - DEBUG - Selecting conversation (5932296330, 5932296330) with state None
2025-05-17 14:54:57,162 - telegram.ext.ConversationHandler - DEBUG - Selecting conversation (5932296330, 5932296330) with state None
2025-05-17 14:54:57,162 - telegram.ext.ConversationHandler - DEBUG - Selecting conversation (5932296330, 5932296330) with state None
2025-05-17 14:54:57,162 - telegram.ext.ConversationHandler - DEBUG - Selecting conversation (5932296330, 5932296330) with state None
2025-05-17 14:54:57,162 - telegram.ext.ConversationHandler - DEBUG - Selecting conversation (5932296330, 5932296330) with state None
2025-05-17 14:54:57,162 - httpcore.http11 - DEBUG - send_request_headers.started request=<Request [b'POST']>
2025-05-17 14:54:57,163 - httpcore.http11 - DEBUG - send_request_headers.complete
2025-05-17 14:54:57,163 - httpcore.http11 - DEBUG - send_request_body.started request=<Request [b'POST']>
2025-05-17 14:54:57,163 - httpcore.http11 - DEBUG - send_request_body.complete
2025-05-17 14:54:57,163 - httpcore.http11 - DEBUG - receive_response_headers.started request=<Request [b'POST']>
2025-05-17 14:54:57,390 - httpcore.http11 - DEBUG - receive_response_headers.complete return_value=(b'HTTP/1.1', 200, b'OK', [(b'Server', b'nginx/1.18.0'), (b'Date', b'Sat, 17 May 2025 12:54:57 GMT'), (b'Content-Type', b'application/json'), (b'Content-Length', b'966'), (b'Connection', b'keep-alive'), (b'Strict-Transport-Security', b'max-age=31536000; includeSubDomains; preload'), (b'Access-Control-Allow-Origin', b'*'), (b'Access-Control-Allow-Methods', b'GET, POST, OPTIONS'), (b'Access-Control-Expose-Headers', b'Content-Length,Content-Type,Date,Server,Connection')])
2025-05-17 14:54:57,391 - httpx - INFO - HTTP Request: POST https://api.telegram.org/bot8098409872:AAE4b_x-mQ6MBS_oXoyiMWJtWDPhdHWgf3M/getUpdates "HTTP/1.1 200 OK"
2025-05-17 14:54:57,391 - httpcore.http11 - DEBUG - receive_response_body.started request=<Request [b'POST']>
2025-05-17 14:54:57,391 - httpcore.http11 - DEBUG - receive_response_body.complete
2025-05-17 14:54:57,391 - httpcore.http11 - DEBUG - response_closed.started
2025-05-17 14:54:57,391 - httpcore.http11 - DEBUG - response_closed.complete
2025-05-17 14:54:57,391 - telegram.ext.ExtBot - DEBUG - Getting updates: [425922725]
2025-05-17 14:54:57,391 - telegram.ext.ExtBot - DEBUG - (Update(callback_query=CallbackQuery(chat_instance='-6557449970963189547', data='trip_type:driver', from_user=User(first_name='Nox', id=5932296330, is_bot=False, language_code='fr', last_name='Hook', username='Lilith66store'), id='7032274654124106023', message=Message(channel_chat_created=False, chat=Chat(first_name='Nox', id=5932296330, last_name='Hook', type=<ChatType.PRIVATE>, username='Lilith66store'), date=datetime.datetime(2025, 5, 17, 12, 54, 55, tzinfo=<UTC>), delete_chat_photo=False, entities=(MessageEntity(length=28, offset=3, type=<MessageEntityType.BOLD>),), from_user=User(first_name='CovoiturageSuisse', id=8098409872, is_bot=True, username='CovoiturageSuissebot'), group_chat_created=False, message_id=1572, reply_markup=InlineKeyboardMarkup(inline_keyboard=((InlineKeyboardButton(callback_data='trip_type:driver', text='🚗 Conducteur'), InlineKeyboardButton(callback_data='trip_type:passenger', text='🧍 Passager')), (InlineKeyboardButton(callback_data='create_cancel', text='❌ Annuler'),))), supergroup_chat_created=False, text="🚗 Création d'un nouveau trajet\n\nÉtape 1️⃣ - Choisissez votre rôle pour ce trajet:")), update_id=425922725),)
2025-05-17 14:54:57,392 - telegram.ext.ExtBot - DEBUG - Exiting: get_updates
2025-05-17 14:54:57,392 - telegram.ext.ExtBot - DEBUG - Entering: get_updates
2025-05-17 14:54:57,392 - telegram.ext.Application - DEBUG - Processing update Update(callback_query=CallbackQuery(chat_instance='-6557449970963189547', data='trip_type:driver', from_user=User(first_name='Nox', id=5932296330, is_bot=False, language_code='fr', last_name='Hook', username='Lilith66store'), id='7032274654124106023', message=Message(channel_chat_created=False, chat=Chat(first_name='Nox', id=5932296330, last_name='Hook', type=<ChatType.PRIVATE>, username='Lilith66store'), date=datetime.datetime(2025, 5, 17, 12, 54, 55, tzinfo=<UTC>), delete_chat_photo=False, entities=(MessageEntity(length=28, offset=3, type=<MessageEntityType.BOLD>),), from_user=User(first_name='CovoiturageSuisse', id=8098409872, is_bot=True, username='CovoiturageSuissebot'), group_chat_created=False, message_id=1572, reply_markup=InlineKeyboardMarkup(inline_keyboard=((InlineKeyboardButton(callback_data='trip_type:driver', text='🚗 Conducteur'), InlineKeyboardButton(callback_data='trip_type:passenger', text='🧍 Passager')), (InlineKeyboardButton(callback_data='create_cancel', text='❌ Annuler'),))), supergroup_chat_created=False, text="🚗 Création d'un nouveau trajet\n\nÉtape 1️⃣ - Choisissez votre rôle pour ce trajet:")), update_id=425922725)
2025-05-17 14:54:57,392 - telegram.ext.ConversationHandler - DEBUG - Selecting conversation (5932296330, 5932296330) with state None
2025-05-17 14:54:57,392 - telegram.ext.ConversationHandler - DEBUG - Selecting conversation (5932296330, 5932296330) with state None
2025-05-17 14:54:57,392 - telegram.ext.ConversationHandler - DEBUG - Selecting conversation (5932296330, 5932296330) with state None
2025-05-17 14:54:57,393 - telegram.ext.ConversationHandler - DEBUG - Selecting conversation (5932296330, 5932296330) with state None
2025-05-17 14:54:57,393 - telegram.ext.ConversationHandler - DEBUG - Selecting conversation (5932296330, 5932296330) with state None
2025-05-17 14:54:57,393 - httpcore.http11 - DEBUG - send_request_headers.started request=<Request [b'POST']>
2025-05-17 14:54:57,393 - httpcore.http11 - DEBUG - send_request_headers.complete
2025-05-17 14:54:57,393 - httpcore.http11 - DEBUG - send_request_body.started request=<Request [b'POST']>
2025-05-17 14:54:57,393 - httpcore.http11 - DEBUG - send_request_body.complete
2025-05-17 14:54:57,393 - httpcore.http11 - DEBUG - receive_response_headers.started request=<Request [b'POST']>
2025-05-17 14:54:58,211 - httpcore.http11 - DEBUG - receive_response_headers.complete return_value=(b'HTTP/1.1', 200, b'OK', [(b'Server', b'nginx/1.18.0'), (b'Date', b'Sat, 17 May 2025 12:54:58 GMT'), (b'Content-Type', b'application/json'), (b'Content-Length', b'963'), (b'Connection', b'keep-alive'), (b'Strict-Transport-Security', b'max-age=31536000; includeSubDomains; preload'), (b'Access-Control-Allow-Origin', b'*'), (b'Access-Control-Allow-Methods', b'GET, POST, OPTIONS'), (b'Access-Control-Expose-Headers', b'Content-Length,Content-Type,Date,Server,Connection')])
2025-05-17 14:54:58,211 - httpx - INFO - HTTP Request: POST https://api.telegram.org/bot8098409872:AAE4b_x-mQ6MBS_oXoyiMWJtWDPhdHWgf3M/getUpdates "HTTP/1.1 200 OK"
2025-05-17 14:54:58,211 - httpcore.http11 - DEBUG - receive_response_body.started request=<Request [b'POST']>
2025-05-17 14:54:58,211 - httpcore.http11 - DEBUG - receive_response_body.complete
2025-05-17 14:54:58,212 - httpcore.http11 - DEBUG - response_closed.started
2025-05-17 14:54:58,212 - httpcore.http11 - DEBUG - response_closed.complete
2025-05-17 14:54:58,212 - telegram.ext.ExtBot - DEBUG - Getting updates: [425922726]
2025-05-17 14:54:58,212 - telegram.ext.ExtBot - DEBUG - (Update(callback_query=CallbackQuery(chat_instance='-6557449970963189547', data='create_cancel', from_user=User(first_name='Nox', id=5932296330, is_bot=False, language_code='fr', last_name='Hook', username='Lilith66store'), id='7032274655832363757', message=Message(channel_chat_created=False, chat=Chat(first_name='Nox', id=5932296330, last_name='Hook', type=<ChatType.PRIVATE>, username='Lilith66store'), date=datetime.datetime(2025, 5, 17, 12, 54, 55, tzinfo=<UTC>), delete_chat_photo=False, entities=(MessageEntity(length=28, offset=3, type=<MessageEntityType.BOLD>),), from_user=User(first_name='CovoiturageSuisse', id=8098409872, is_bot=True, username='CovoiturageSuissebot'), group_chat_created=False, message_id=1572, reply_markup=InlineKeyboardMarkup(inline_keyboard=((InlineKeyboardButton(callback_data='trip_type:driver', text='🚗 Conducteur'), InlineKeyboardButton(callback_data='trip_type:passenger', text='🧍 Passager')), (InlineKeyboardButton(callback_data='create_cancel', text='❌ Annuler'),))), supergroup_chat_created=False, text="🚗 Création d'un nouveau trajet\n\nÉtape 1️⃣ - Choisissez votre rôle pour ce trajet:")), update_id=425922726),)
2025-05-17 14:54:58,213 - telegram.ext.ExtBot - DEBUG - Exiting: get_updates
2025-05-17 14:54:58,213 - telegram.ext.ExtBot - DEBUG - Entering: get_updates
2025-05-17 14:54:58,213 - telegram.ext.Application - DEBUG - Processing update Update(callback_query=CallbackQuery(chat_instance='-6557449970963189547', data='create_cancel', from_user=User(first_name='Nox', id=5932296330, is_bot=False, language_code='fr', last_name='Hook', username='Lilith66store'), id='7032274655832363757', message=Message(channel_chat_created=False, chat=Chat(first_name='Nox', id=5932296330, last_name='Hook', type=<ChatType.PRIVATE>, username='Lilith66store'), date=datetime.datetime(2025, 5, 17, 12, 54, 55, tzinfo=<UTC>), delete_chat_photo=False, entities=(MessageEntity(length=28, offset=3, type=<MessageEntityType.BOLD>),), from_user=User(first_name='CovoiturageSuisse', id=8098409872, is_bot=True, username='CovoiturageSuissebot'), group_chat_created=False, message_id=1572, reply_markup=InlineKeyboardMarkup(inline_keyboard=((InlineKeyboardButton(callback_data='trip_type:driver', text='🚗 Conducteur'), InlineKeyboardButton(callback_data='trip_type:passenger', text='🧍 Passager')), (InlineKeyboardButton(callback_data='create_cancel', text='❌ Annuler'),))), supergroup_chat_created=False, text="🚗 Création d'un nouveau trajet\n\nÉtape 1️⃣ - Choisissez votre rôle pour ce trajet:")), update_id=425922726)
2025-05-17 14:54:58,213 - telegram.ext.ConversationHandler - DEBUG - Selecting conversation (5932296330, 5932296330) with state None
2025-05-17 14:54:58,213 - telegram.ext.ConversationHandler - DEBUG - Selecting conversation (5932296330, 5932296330) with state None
2025-05-17 14:54:58,214 - telegram.ext.ConversationHandler - DEBUG - Selecting conversation (5932296330, 5932296330) with state None
2025-05-17 14:54:58,214 - telegram.ext.ConversationHandler - DEBUG - Selecting conversation (5932296330, 5932296330) with state None
2025-05-17 14:54:58,214 - telegram.ext.ConversationHandler - DEBUG - Selecting conversation (5932296330, 5932296330) with state None
2025-05-17 14:54:58,214 - httpcore.http11 - DEBUG - send_request_headers.started request=<Request [b'POST']>
2025-05-17 14:54:58,214 - httpcore.http11 - DEBUG - send_request_headers.complete
2025-05-17 14:54:58,214 - httpcore.http11 - DEBUG - send_request_body.started request=<Request [b'POST']>
2025-05-17 14:54:58,214 - httpcore.http11 - DEBUG - send_request_body.complete
2025-05-17 14:54:58,214 - httpcore.http11 - DEBUG - receive_response_headers.started request=<Request [b'POST']>
2025-05-17 14:55:08,236 - httpcore.http11 - DEBUG - receive_response_headers.complete return_value=(b'HTTP/1.1', 200, b'OK', [(b'Server', b'nginx/1.18.0'), (b'Date', b'Sat, 17 May 2025 12:55:08 GMT'), (b'Content-Type', b'application/json'), (b'Content-Length', b'23'), (b'Connection', b'keep-alive'), (b'Strict-Transport-Security', b'max-age=31536000; includeSubDomains; preload'), (b'Access-Control-Allow-Origin', b'*'), (b'Access-Control-Allow-Methods', b'GET, POST, OPTIONS'), (b'Access-Control-Expose-Headers', b'Content-Length,Content-Type,Date,Server,Connection')])
2025-05-17 14:55:08,237 - httpx - INFO - HTTP Request: POST https://api.telegram.org/bot8098409872:AAE4b_x-mQ6MBS_oXoyiMWJtWDPhdHWgf3M/getUpdates "HTTP/1.1 200 OK"
2025-05-17 14:55:08,237 - httpcore.http11 - DEBUG - receive_response_body.started request=<Request [b'POST']>
2025-05-17 14:55:08,237 - httpcore.http11 - DEBUG - receive_response_body.complete
2025-05-17 14:55:08,237 - httpcore.http11 - DEBUG - response_closed.started
2025-05-17 14:55:08,237 - httpcore.http11 - DEBUG - response_closed.complete
2025-05-17 14:55:08,238 - telegram.ext.ExtBot - DEBUG - No new updates found.
2025-05-17 14:55:08,238 - telegram.ext.ExtBot - DEBUG - ()
2025-05-17 14:55:08,238 - telegram.ext.ExtBot - DEBUG - Exiting: get_updates
2025-05-17 14:55:08,238 - telegram.ext.ExtBot - DEBUG - Entering: get_updates
2025-05-17 14:55:08,238 - httpcore.http11 - DEBUG - send_request_headers.started request=<Request [b'POST']>
2025-05-17 14:55:08,239 - httpcore.http11 - DEBUG - send_request_headers.complete
2025-05-17 14:55:08,239 - httpcore.http11 - DEBUG - send_request_body.started request=<Request [b'POST']>
2025-05-17 14:55:08,239 - httpcore.http11 - DEBUG - send_request_body.complete
2025-05-17 14:55:08,239 - httpcore.http11 - DEBUG - receive_response_headers.started request=<Request [b'POST']>
