2025-05-17 11:55:47,340 - __main__ - INFO - ===== CORRECTIF ULTIME POUR LES BOUTONS CONDUCTEUR/PASSAGER =====
2025-05-17 11:55:47,340 - __main__ - INFO - 🔍 Version du correctif: 1.0
2025-05-17 11:55:47,340 - __main__ - INFO - 🔍 Date d'exécution: 2025-05-17 11:55:47
2025-05-17 11:55:47,340 - __main__ - INFO - 🛠️ Correction du fichier create_trip_handler.py
2025-05-17 11:55:47,342 - __main__ - INFO - ✅ Sauvegarde créée: /Users/margaux/CovoiturageSuisse/handlers/create_trip_handler.py.ultimate_backup
2025-05-17 11:55:47,343 - __main__ - INFO - ✅ Fichier create_trip_handler.py corrigé
2025-05-17 11:55:47,343 - __main__ - INFO - 🛠️ Désactivation des handlers dans handlers/trip_creation/__init__.py
2025-05-17 11:55:47,344 - __main__ - INFO - ✅ Sauvegarde créée: /Users/margaux/CovoiturageSuisse/handlers/trip_creation/__init__.py.ultimate_backup
2025-05-17 11:55:47,344 - __main__ - INFO - ✅ Handlers dans trip_creation/__init__.py désactivés
2025-05-17 11:55:47,344 - __main__ - INFO - 🛠️ Mise à jour du fichier bot.py
2025-05-17 11:55:47,345 - __main__ - INFO - ✅ Sauvegarde créée: /Users/margaux/CovoiturageSuisse/bot.py.ultimate_backup
2025-05-17 11:55:47,346 - __main__ - INFO - ✅ Fichier bot.py mis à jour
2025-05-17 11:55:47,346 - __main__ - INFO - 🛠️ Création du script de lancement
2025-05-17 11:55:47,346 - __main__ - INFO - ✅ Script de lancement créé: /Users/margaux/CovoiturageSuisse/launch_fixed_bot.py
2025-05-17 11:55:47,346 - __main__ - INFO - 
===== RÉSUMÉ DES CORRECTIONS =====
2025-05-17 11:55:47,346 - __main__ - INFO - ✅ Succès - Correction de create_trip_handler.py
2025-05-17 11:55:47,346 - __main__ - INFO - ✅ Succès - Désactivation de trip_creation/__init__.py
2025-05-17 11:55:47,346 - __main__ - INFO - ✅ Succès - Mise à jour de bot.py
2025-05-17 11:55:47,346 - __main__ - INFO - ✅ Succès - Création du script de lancement
2025-05-17 11:55:47,346 - __main__ - INFO - 
🎉 TOUTES LES CORRECTIONS ONT ÉTÉ APPLIQUÉES AVEC SUCCÈS!
2025-05-17 11:55:47,346 - __main__ - INFO - 
🚀 INSTRUCTIONS:
2025-05-17 11:55:47,346 - __main__ - INFO - 1. Lancez le bot corrigé avec la commande:
2025-05-17 11:55:47,346 - __main__ - INFO -    python3 launch_fixed_bot.py
2025-05-17 11:55:47,346 - __main__ - INFO - 2. Testez les boutons Conducteur et Passager
2025-05-17 11:55:47,346 - __main__ - INFO - 3. Vérifiez que tout le processus de création de trajet fonctionne
2025-05-17 11:55:47,346 - __main__ - INFO - 
Le log complet est disponible dans: logs/ultimate_fix_20250517_115547.log
